
==========================================================================================
RUN: size=960 | aug=True | bs=16 | lr=0.0001 | opt=AdamW | epochs=100 | ES(pat=3, min_delta=0.0) | unfreeze=head_only
==========================================================================================
Epoch: [0]  [  0/315]  eta: 0:24:46  lr: 0.000000  loss: 88.7308 (88.7308)  loss_ce: 1.4502 (1.4502)  loss_bbox: 0.0349 (0.0349)  loss_giou: 0.3082 (0.3082)  cardinality_error: 86.9375 (86.9375)  time: 4.7179  data: 2.6640  max mem: 1413
Epoch: [0]  [100/315]  eta: 0:01:30  lr: 0.000032  loss: 48.2922 (74.1035)  loss_ce: 1.3223 (1.3930)  loss_bbox: 0.0328 (0.0327)  loss_giou: 0.2943 (0.3003)  cardinality_error: 46.6250 (72.3775)  time: 0.3964  data: 0.0018  max mem: 1442
Epoch: [0]  [200/315]  eta: 0:00:45  lr: 0.000064  loss: 4.7636 (42.5902)  loss_ce: 1.0305 (1.2708)  loss_bbox: 0.0322 (0.0324)  loss_giou: 0.2932 (0.2972)  cardinality_error: 3.4375 (40.9897)  time: 0.3714  data: 0.0079  max mem: 1442
Epoch: [0]  [300/315]  eta: 0:00:05  lr: 0.000096  loss: 4.9701 (30.2527)  loss_ce: 0.8137 (1.1456)  loss_bbox: 0.0307 (0.0324)  loss_giou: 0.2930 (0.2946)  cardinality_error: 3.8750 (28.7801)  time: 0.3816  data: 0.0182  max mem: 1442
Epoch: [0]  [314/315]  eta: 0:00:00  lr: 0.000100  loss: 4.9450 (29.1274)  loss_ce: 0.7910 (1.1294)  loss_bbox: 0.0308 (0.0323)  loss_giou: 0.2902 (0.2946)  cardinality_error: 3.7500 (27.6710)  time: 0.3277  data: 0.0005  max mem: 1442
Epoch: [0] Total time: 0:02:02 (0.3893 s / it)
creating index...
index created!
Test:  [   0/2981]  eta: 0:19:17  model_time: 0.0873 (0.0873)  evaluator_time: 0.0028 (0.0028)  time: 0.3884  data: 0.2444  max mem: 1442
Test:  [ 100/2981]  eta: 0:01:53  model_time: 0.0284 (0.0279)  evaluator_time: 0.0008 (0.0007)  time: 0.0372  data: 0.0003  max mem: 1442
Test:  [ 200/2981]  eta: 0:01:44  model_time: 0.0284 (0.0277)  evaluator_time: 0.0007 (0.0008)  time: 0.0368  data: 0.0003  max mem: 1442
Test:  [ 300/2981]  eta: 0:01:38  model_time: 0.0258 (0.0272)  evaluator_time: 0.0006 (0.0007)  time: 0.0348  data: 0.0003  max mem: 1442
Test:  [ 400/2981]  eta: 0:01:37  model_time: 0.0278 (0.0278)  evaluator_time: 0.0007 (0.0008)  time: 0.0402  data: 0.0017  max mem: 1442
Test:  [ 500/2981]  eta: 0:01:31  model_time: 0.0226 (0.0274)  evaluator_time: 0.0003 (0.0007)  time: 0.0304  data: 0.0002  max mem: 1442
Test:  [ 600/2981]  eta: 0:01:27  model_time: 0.0263 (0.0272)  evaluator_time: 0.0006 (0.0007)  time: 0.0344  data: 0.0002  max mem: 1442
Test:  [ 700/2981]  eta: 0:01:23  model_time: 0.0292 (0.0274)  evaluator_time: 0.0006 (0.0008)  time: 0.0389  data: 0.0004  max mem: 1442
Test:  [ 800/2981]  eta: 0:01:19  model_time: 0.0272 (0.0273)  evaluator_time: 0.0006 (0.0008)  time: 0.0339  data: 0.0003  max mem: 1442
Test:  [ 900/2981]  eta: 0:01:15  model_time: 0.0278 (0.0274)  evaluator_time: 0.0007 (0.0008)  time: 0.0372  data: 0.0003  max mem: 1442
Test:  [1000/2981]  eta: 0:01:12  model_time: 0.0268 (0.0274)  evaluator_time: 0.0008 (0.0008)  time: 0.0365  data: 0.0003  max mem: 1442
Test:  [1100/2981]  eta: 0:01:08  model_time: 0.0228 (0.0272)  evaluator_time: 0.0003 (0.0008)  time: 0.0298  data: 0.0002  max mem: 1442
Test:  [1200/2981]  eta: 0:01:03  model_time: 0.0226 (0.0271)  evaluator_time: 0.0004 (0.0008)  time: 0.0308  data: 0.0003  max mem: 1442
Test:  [1300/2981]  eta: 0:00:59  model_time: 0.0257 (0.0268)  evaluator_time: 0.0006 (0.0008)  time: 0.0332  data: 0.0002  max mem: 1442
Test:  [1400/2981]  eta: 0:00:55  model_time: 0.0254 (0.0267)  evaluator_time: 0.0006 (0.0008)  time: 0.0329  data: 0.0002  max mem: 1442
Test:  [1500/2981]  eta: 0:00:52  model_time: 0.0255 (0.0267)  evaluator_time: 0.0006 (0.0008)  time: 0.0334  data: 0.0002  max mem: 1442
Test:  [1600/2981]  eta: 0:00:48  model_time: 0.0263 (0.0266)  evaluator_time: 0.0006 (0.0008)  time: 0.0345  data: 0.0003  max mem: 1442
Test:  [1700/2981]  eta: 0:00:45  model_time: 0.0279 (0.0267)  evaluator_time: 0.0006 (0.0008)  time: 0.0361  data: 0.0003  max mem: 1442
Test:  [1800/2981]  eta: 0:00:41  model_time: 0.0267 (0.0268)  evaluator_time: 0.0006 (0.0008)  time: 0.0358  data: 0.0003  max mem: 1442
Test:  [1900/2981]  eta: 0:00:38  model_time: 0.0272 (0.0269)  evaluator_time: 0.0006 (0.0008)  time: 0.0356  data: 0.0003  max mem: 1442
Test:  [2000/2981]  eta: 0:00:34  model_time: 0.0297 (0.0269)  evaluator_time: 0.0007 (0.0008)  time: 0.0378  data: 0.0003  max mem: 1442
Test:  [2100/2981]  eta: 0:00:31  model_time: 0.0292 (0.0270)  evaluator_time: 0.0008 (0.0007)  time: 0.0376  data: 0.0003  max mem: 1442
Test:  [2200/2981]  eta: 0:00:27  model_time: 0.0249 (0.0272)  evaluator_time: 0.0004 (0.0007)  time: 0.0347  data: 0.0002  max mem: 1442
Test:  [2300/2981]  eta: 0:00:24  model_time: 0.0292 (0.0273)  evaluator_time: 0.0007 (0.0007)  time: 0.0385  data: 0.0003  max mem: 1442
Test:  [2400/2981]  eta: 0:00:20  model_time: 0.0298 (0.0274)  evaluator_time: 0.0007 (0.0007)  time: 0.0389  data: 0.0004  max mem: 1442
Test:  [2500/2981]  eta: 0:00:17  model_time: 0.0292 (0.0275)  evaluator_time: 0.0009 (0.0007)  time: 0.0435  data: 0.0017  max mem: 1442
Test:  [2600/2981]  eta: 0:00:13  model_time: 0.0286 (0.0277)  evaluator_time: 0.0009 (0.0008)  time: 0.0442  data: 0.0011  max mem: 1442
Test:  [2700/2981]  eta: 0:00:10  model_time: 0.0276 (0.0277)  evaluator_time: 0.0005 (0.0008)  time: 0.0390  data: 0.0009  max mem: 1442
Test:  [2800/2981]  eta: 0:00:06  model_time: 0.0294 (0.0278)  evaluator_time: 0.0014 (0.0008)  time: 0.0397  data: 0.0009  max mem: 1442
Test:  [2900/2981]  eta: 0:00:02  model_time: 0.0295 (0.0278)  evaluator_time: 0.0014 (0.0008)  time: 0.0394  data: 0.0007  max mem: 1442
Test:  [2980/2981]  eta: 0:00:00  model_time: 0.0290 (0.0279)  evaluator_time: 0.0015 (0.0008)  time: 0.0359  data: 0.0002  max mem: 1442
Test: Total time: 0:01:49 (0.0368 s / it)
Averaged stats: model_time: 0.0290 (0.0279)  evaluator_time: 0.0015 (0.0008)
Accumulating evaluation results...
DONE (t=0.12s).
IoU metric: bbox
 Average Precision  (AP) @[ IoU=0.50:0.95 | area=   all | maxDets=100 ] = 0.028
 Average Precision  (AP) @[ IoU=0.50      | area=   all | maxDets=100 ] = 0.030
 Average Precision  (AP) @[ IoU=0.75      | area=   all | maxDets=100 ] = 0.030
 Average Precision  (AP) @[ IoU=0.50:0.95 | area= small | maxDets=100 ] = 0.000
 Average Precision  (AP) @[ IoU=0.50:0.95 | area=medium | maxDets=100 ] = 0.004
 Average Precision  (AP) @[ IoU=0.50:0.95 | area= large | maxDets=100 ] = 0.132
 Average Recall     (AR) @[ IoU=0.50:0.95 | area=   all | maxDets=  1 ] = 0.024
 Average Recall     (AR) @[ IoU=0.50:0.95 | area=   all | maxDets= 10 ] = 0.027
 Average Recall     (AR) @[ IoU=0.50:0.95 | area=   all | maxDets=100 ] = 0.027
 Average Recall     (AR) @[ IoU=0.50:0.95 | area= small | maxDets=100 ] = 0.000
 Average Recall     (AR) @[ IoU=0.50:0.95 | area=medium | maxDets=100 ] = 0.003
 Average Recall     (AR) @[ IoU=0.50:0.95 | area= large | maxDets=100 ] = 0.134
[size=960 | aug=True | bs=16 | unfreeze=head_only] Epoch 1/100 - mAP: 0.027603 | robustness(mAR@100): 0.026616 | trainable params: 0.13M / total 41.50M | avg inference: 0.0279s/batch | eval time: 229.2s
Epoch: [1]  [  0/315]  eta: 0:12:11  lr: 0.000100  loss: 4.2721 (4.2721)  loss_ce: 0.7335 (0.7335)  loss_bbox: 0.0264 (0.0264)  loss_giou: 0.2623 (0.2623)  cardinality_error: 3.2500 (3.2500)  time: 2.3228  data: 1.7104  max mem: 1590
Epoch: [1]  [100/315]  eta: 0:01:33  lr: 0.000100  loss: 3.8355 (4.3805)  loss_ce: 0.6577 (0.7139)  loss_bbox: 0.0309 (0.0318)  loss_giou: 0.2914 (0.2914)  cardinality_error: 2.8125 (3.3434)  time: 0.4067  data: 0.0023  max mem: 1601
Epoch: [1]  [200/315]  eta: 0:00:47  lr: 0.000100  loss: 2.8279 (3.8500)  loss_ce: 0.5708 (0.6628)  loss_bbox: 0.0317 (0.0318)  loss_giou: 0.3046 (0.2916)  cardinality_error: 1.9375 (2.8638)  time: 0.3893  data: 0.0036  max mem: 1601
Epoch: [1]  [300/315]  eta: 0:00:06  lr: 0.000100  loss: 2.5909 (3.5264)  loss_ce: 0.4861 (0.6197)  loss_bbox: 0.0298 (0.0319)  loss_giou: 0.2865 (0.2911)  cardinality_error: 1.8125 (2.5837)  time: 0.3934  data: 0.0570  max mem: 1601
Epoch: [1]  [314/315]  eta: 0:00:00  lr: 0.000100  loss: 2.5586 (3.4849)  loss_ce: 0.4788 (0.6145)  loss_bbox: 0.0293 (0.0318)  loss_giou: 0.2834 (0.2909)  cardinality_error: 1.8125 (2.5476)  time: 0.3733  data: 0.0186  max mem: 1601
Epoch: [1] Total time: 0:02:06 (0.4028 s / it)
creating index...
index created!
Test:  [   0/2981]  eta: 0:17:20  model_time: 0.0493 (0.0493)  evaluator_time: 0.0042 (0.0042)  time: 0.3490  data: 0.2525  max mem: 1601
Test:  [ 100/2981]  eta: 0:02:08  model_time: 0.0334 (0.0306)  evaluator_time: 0.0032 (0.0020)  time: 0.0498  data: 0.0015  max mem: 1601
Test:  [ 200/2981]  eta: 0:01:57  model_time: 0.0274 (0.0301)  evaluator_time: 0.0015 (0.0021)  time: 0.0380  data: 0.0003  max mem: 1601
Test:  [ 300/2981]  eta: 0:01:51  model_time: 0.0299 (0.0298)  evaluator_time: 0.0019 (0.0020)  time: 0.0402  data: 0.0004  max mem: 1601
Test:  [ 400/2981]  eta: 0:01:46  model_time: 0.0280 (0.0297)  evaluator_time: 0.0017 (0.0020)  time: 0.0440  data: 0.0018  max mem: 1601
Test:  [ 500/2981]  eta: 0:01:39  model_time: 0.0248 (0.0291)  evaluator_time: 0.0004 (0.0018)  time: 0.0327  data: 0.0003  max mem: 1601
Test:  [ 600/2981]  eta: 0:01:34  model_time: 0.0267 (0.0289)  evaluator_time: 0.0017 (0.0017)  time: 0.0353  data: 0.0002  max mem: 1601
Test:  [ 700/2981]  eta: 0:01:30  model_time: 0.0299 (0.0289)  evaluator_time: 0.0024 (0.0018)  time: 0.0408  data: 0.0003  max mem: 1601
Test:  [ 800/2981]  eta: 0:01:26  model_time: 0.0269 (0.0288)  evaluator_time: 0.0016 (0.0018)  time: 0.0378  data: 0.0003  max mem: 1601
Test:  [ 900/2981]  eta: 0:01:21  model_time: 0.0273 (0.0286)  evaluator_time: 0.0019 (0.0018)  time: 0.0400  data: 0.0016  max mem: 1601
Test:  [1000/2981]  eta: 0:01:18  model_time: 0.0302 (0.0287)  evaluator_time: 0.0027 (0.0019)  time: 0.0425  data: 0.0013  max mem: 1601
Test:  [1100/2981]  eta: 0:01:14  model_time: 0.0271 (0.0287)  evaluator_time: 0.0004 (0.0019)  time: 0.0366  data: 0.0019  max mem: 1601
Test:  [1200/2981]  eta: 0:01:10  model_time: 0.0242 (0.0286)  evaluator_time: 0.0004 (0.0018)  time: 0.0348  data: 0.0004  max mem: 1601
Test:  [1300/2981]  eta: 0:01:05  model_time: 0.0281 (0.0285)  evaluator_time: 0.0018 (0.0018)  time: 0.0382  data: 0.0003  max mem: 1601
Test:  [1400/2981]  eta: 0:01:01  model_time: 0.0277 (0.0285)  evaluator_time: 0.0016 (0.0017)  time: 0.0380  data: 0.0004  max mem: 1601
Test:  [1500/2981]  eta: 0:00:57  model_time: 0.0258 (0.0285)  evaluator_time: 0.0015 (0.0017)  time: 0.0353  data: 0.0003  max mem: 1601
Test:  [1600/2981]  eta: 0:00:53  model_time: 0.0294 (0.0285)  evaluator_time: 0.0021 (0.0017)  time: 0.0407  data: 0.0004  max mem: 1601
Test:  [1700/2981]  eta: 0:00:50  model_time: 0.0289 (0.0286)  evaluator_time: 0.0018 (0.0018)  time: 0.0387  data: 0.0003  max mem: 1601
Test:  [1800/2981]  eta: 0:00:46  model_time: 0.0270 (0.0286)  evaluator_time: 0.0015 (0.0017)  time: 0.0372  data: 0.0003  max mem: 1601
Test:  [1900/2981]  eta: 0:00:42  model_time: 0.0283 (0.0285)  evaluator_time: 0.0014 (0.0018)  time: 0.0372  data: 0.0002  max mem: 1601
Test:  [2000/2981]  eta: 0:00:38  model_time: 0.0271 (0.0285)  evaluator_time: 0.0008 (0.0018)  time: 0.0366  data: 0.0003  max mem: 1601
Test:  [2100/2981]  eta: 0:00:34  model_time: 0.0290 (0.0286)  evaluator_time: 0.0016 (0.0017)  time: 0.0410  data: 0.0011  max mem: 1601
Test:  [2200/2981]  eta: 0:00:30  model_time: 0.0273 (0.0285)  evaluator_time: 0.0004 (0.0017)  time: 0.0390  data: 0.0018  max mem: 1601
Test:  [2300/2981]  eta: 0:00:26  model_time: 0.0294 (0.0285)  evaluator_time: 0.0014 (0.0017)  time: 0.0379  data: 0.0003  max mem: 1601
Test:  [2400/2981]  eta: 0:00:22  model_time: 0.0306 (0.0286)  evaluator_time: 0.0023 (0.0017)  time: 0.0421  data: 0.0013  max mem: 1601
Test:  [2500/2981]  eta: 0:00:18  model_time: 0.0308 (0.0286)  evaluator_time: 0.0032 (0.0017)  time: 0.0439  data: 0.0006  max mem: 1601
Test:  [2600/2981]  eta: 0:00:14  model_time: 0.0280 (0.0287)  evaluator_time: 0.0029 (0.0018)  time: 0.0415  data: 0.0006  max mem: 1601
Test:  [2700/2981]  eta: 0:00:11  model_time: 0.0272 (0.0287)  evaluator_time: 0.0016 (0.0018)  time: 0.0380  data: 0.0005  max mem: 1601
Test:  [2800/2981]  eta: 0:00:07  model_time: 0.0298 (0.0288)  evaluator_time: 0.0023 (0.0018)  time: 0.0406  data: 0.0004  max mem: 1601
Test:  [2900/2981]  eta: 0:00:03  model_time: 0.0308 (0.0288)  evaluator_time: 0.0024 (0.0019)  time: 0.0411  data: 0.0003  max mem: 1601
Test:  [2980/2981]  eta: 0:00:00  model_time: 0.0261 (0.0288)  evaluator_time: 0.0021 (0.0019)  time: 0.0367  data: 0.0003  max mem: 1601
Test: Total time: 0:01:57 (0.0396 s / it)
Averaged stats: model_time: 0.0261 (0.0288)  evaluator_time: 0.0021 (0.0019)
Accumulating evaluation results...
DONE (t=0.27s).
IoU metric: bbox
 Average Precision  (AP) @[ IoU=0.50:0.95 | area=   all | maxDets=100 ] = 0.308
 Average Precision  (AP) @[ IoU=0.50      | area=   all | maxDets=100 ] = 0.470
 Average Precision  (AP) @[ IoU=0.75      | area=   all | maxDets=100 ] = 0.344
 Average Precision  (AP) @[ IoU=0.50:0.95 | area= small | maxDets=100 ] = 0.076
 Average Precision  (AP) @[ IoU=0.50:0.95 | area=medium | maxDets=100 ] = 0.337
 Average Precision  (AP) @[ IoU=0.50:0.95 | area= large | maxDets=100 ] = 0.577
 Average Recall     (AR) @[ IoU=0.50:0.95 | area=   all | maxDets=  1 ] = 0.130
 Average Recall     (AR) @[ IoU=0.50:0.95 | area=   all | maxDets= 10 ] = 0.337
 Average Recall     (AR) @[ IoU=0.50:0.95 | area=   all | maxDets=100 ] = 0.337
 Average Recall     (AR) @[ IoU=0.50:0.95 | area= small | maxDets=100 ] = 0.092
 Average Recall     (AR) @[ IoU=0.50:0.95 | area=medium | maxDets=100 ] = 0.375
 Average Recall     (AR) @[ IoU=0.50:0.95 | area= large | maxDets=100 ] = 0.618
[size=960 | aug=True | bs=16 | unfreeze=head_only] Epoch 2/100 - mAP: 0.307687 | robustness(mAR@100): 0.337048 | trainable params: 0.13M / total 41.50M | avg inference: 0.0288s/batch | eval time: 240.6s
Epoch: [2]  [  0/315]  eta: 0:13:49  lr: 0.000100  loss: 2.7425 (2.7425)  loss_ce: 0.5736 (0.5736)  loss_bbox: 0.0377 (0.0377)  loss_giou: 0.3187 (0.3187)  cardinality_error: 1.8125 (1.8125)  time: 2.6320  data: 2.1166  max mem: 1601
Epoch: [2]  [100/315]  eta: 0:01:29  lr: 0.000100  loss: 2.7457 (2.9316)  loss_ce: 0.4426 (0.4748)  loss_bbox: 0.0306 (0.0324)  loss_giou: 0.2842 (0.2951)  cardinality_error: 1.9375 (2.1293)  time: 0.3991  data: 0.0446  max mem: 1601
Epoch: [2]  [200/315]  eta: 0:00:46  lr: 0.000100  loss: 2.7596 (2.9016)  loss_ce: 0.4054 (0.4554)  loss_bbox: 0.0322 (0.0324)  loss_giou: 0.2908 (0.2948)  cardinality_error: 2.0625 (2.1191)  time: 0.3772  data: 0.0024  max mem: 1601
Epoch: [2]  [300/315]  eta: 0:00:06  lr: 0.000100  loss: 2.6496 (2.8751)  loss_ce: 0.3732 (0.4383)  loss_bbox: 0.0309 (0.0325)  loss_giou: 0.2930 (0.2965)  cardinality_error: 1.9375 (2.1078)  time: 0.3683  data: 0.0035  max mem: 1601
Epoch: [2]  [314/315]  eta: 0:00:00  lr: 0.000100  loss: 2.5586 (2.8625)  loss_ce: 0.3811 (0.4362)  loss_bbox: 0.0311 (0.0325)  loss_giou: 0.2928 (0.2964)  cardinality_error: 1.8125 (2.0974)  time: 0.3236  data: 0.0014  max mem: 1601
Epoch: [2] Total time: 0:02:06 (0.4008 s / it)
creating index...
index created!
Test:  [   0/2981]  eta: 0:18:55  model_time: 0.0441 (0.0441)  evaluator_time: 0.0054 (0.0054)  time: 0.3809  data: 0.2714  max mem: 1601
Test:  [ 100/2981]  eta: 0:02:18  model_time: 0.0317 (0.0321)  evaluator_time: 0.0036 (0.0022)  time: 0.0525  data: 0.0020  max mem: 1601
Test:  [ 200/2981]  eta: 0:02:10  model_time: 0.0347 (0.0325)  evaluator_time: 0.0028 (0.0028)  time: 0.0468  data: 0.0004  max mem: 1601
Test:  [ 300/2981]  eta: 0:02:00  model_time: 0.0296 (0.0316)  evaluator_time: 0.0023 (0.0027)  time: 0.0411  data: 0.0003  max mem: 1601
Test:  [ 400/2981]  eta: 0:01:53  model_time: 0.0293 (0.0311)  evaluator_time: 0.0023 (0.0026)  time: 0.0410  data: 0.0006  max mem: 1601
Test:  [ 500/2981]  eta: 0:01:45  model_time: 0.0237 (0.0302)  evaluator_time: 0.0005 (0.0024)  time: 0.0326  data: 0.0003  max mem: 1601
Test:  [ 600/2981]  eta: 0:01:39  model_time: 0.0292 (0.0300)  evaluator_time: 0.0027 (0.0023)  time: 0.0405  data: 0.0003  max mem: 1601
Test:  [ 700/2981]  eta: 0:01:36  model_time: 0.0303 (0.0301)  evaluator_time: 0.0028 (0.0025)  time: 0.0426  data: 0.0004  max mem: 1601
Test:  [ 800/2981]  eta: 0:01:31  model_time: 0.0286 (0.0300)  evaluator_time: 0.0020 (0.0025)  time: 0.0387  data: 0.0007  max mem: 1601
Test:  [ 900/2981]  eta: 0:01:26  model_time: 0.0298 (0.0299)  evaluator_time: 0.0025 (0.0024)  time: 0.0409  data: 0.0003  max mem: 1601
Test:  [1000/2981]  eta: 0:01:22  model_time: 0.0308 (0.0300)  evaluator_time: 0.0035 (0.0025)  time: 0.0436  data: 0.0003  max mem: 1601
Test:  [1100/2981]  eta: 0:01:17  model_time: 0.0236 (0.0298)  evaluator_time: 0.0004 (0.0024)  time: 0.0320  data: 0.0003  max mem: 1601
Test:  [1200/2981]  eta: 0:01:13  model_time: 0.0270 (0.0295)  evaluator_time: 0.0005 (0.0024)  time: 0.0352  data: 0.0003  max mem: 1601
Test:  [1300/2981]  eta: 0:01:08  model_time: 0.0278 (0.0293)  evaluator_time: 0.0018 (0.0023)  time: 0.0378  data: 0.0003  max mem: 1601
Test:  [1400/2981]  eta: 0:01:03  model_time: 0.0267 (0.0292)  evaluator_time: 0.0018 (0.0022)  time: 0.0374  data: 0.0003  max mem: 1601
Test:  [1500/2981]  eta: 0:00:59  model_time: 0.0278 (0.0291)  evaluator_time: 0.0018 (0.0022)  time: 0.0373  data: 0.0003  max mem: 1601
Test:  [1600/2981]  eta: 0:00:55  model_time: 0.0282 (0.0291)  evaluator_time: 0.0020 (0.0022)  time: 0.0390  data: 0.0007  max mem: 1601
Test:  [1700/2981]  eta: 0:00:51  model_time: 0.0274 (0.0290)  evaluator_time: 0.0020 (0.0022)  time: 0.0369  data: 0.0003  max mem: 1601
Test:  [1800/2981]  eta: 0:00:47  model_time: 0.0265 (0.0290)  evaluator_time: 0.0018 (0.0022)  time: 0.0361  data: 0.0003  max mem: 1601
Test:  [1900/2981]  eta: 0:00:42  model_time: 0.0266 (0.0289)  evaluator_time: 0.0017 (0.0022)  time: 0.0366  data: 0.0003  max mem: 1601
Test:  [2000/2981]  eta: 0:00:38  model_time: 0.0294 (0.0289)  evaluator_time: 0.0015 (0.0022)  time: 0.0391  data: 0.0003  max mem: 1601
Test:  [2100/2981]  eta: 0:00:35  model_time: 0.0294 (0.0289)  evaluator_time: 0.0023 (0.0022)  time: 0.0404  data: 0.0003  max mem: 1601
Test:  [2200/2981]  eta: 0:00:30  model_time: 0.0270 (0.0288)  evaluator_time: 0.0007 (0.0022)  time: 0.0364  data: 0.0003  max mem: 1601
Test:  [2300/2981]  eta: 0:00:27  model_time: 0.0307 (0.0291)  evaluator_time: 0.0023 (0.0022)  time: 0.0418  data: 0.0003  max mem: 1601
Test:  [2400/2981]  eta: 0:00:23  model_time: 0.0294 (0.0291)  evaluator_time: 0.0027 (0.0022)  time: 0.0448  data: 0.0027  max mem: 1601
Test:  [2500/2981]  eta: 0:00:19  model_time: 0.0313 (0.0292)  evaluator_time: 0.0056 (0.0023)  time: 0.0485  data: 0.0010  max mem: 1601
Test:  [2600/2981]  eta: 0:00:15  model_time: 0.0316 (0.0293)  evaluator_time: 0.0038 (0.0024)  time: 0.0452  data: 0.0006  max mem: 1601
Test:  [2700/2981]  eta: 0:00:11  model_time: 0.0290 (0.0293)  evaluator_time: 0.0019 (0.0024)  time: 0.0439  data: 0.0016  max mem: 1601
Test:  [2800/2981]  eta: 0:00:07  model_time: 0.0302 (0.0294)  evaluator_time: 0.0025 (0.0024)  time: 0.0413  data: 0.0003  max mem: 1601
Test:  [2900/2981]  eta: 0:00:03  model_time: 0.0306 (0.0294)  evaluator_time: 0.0026 (0.0024)  time: 0.0415  data: 0.0003  max mem: 1601
Test:  [2980/2981]  eta: 0:00:00  model_time: 0.0253 (0.0294)  evaluator_time: 0.0021 (0.0024)  time: 0.0357  data: 0.0003  max mem: 1601
Test: Total time: 0:02:01 (0.0407 s / it)
Averaged stats: model_time: 0.0253 (0.0294)  evaluator_time: 0.0021 (0.0024)
Accumulating evaluation results...
DONE (t=0.33s).
IoU metric: bbox
 Average Precision  (AP) @[ IoU=0.50:0.95 | area=   all | maxDets=100 ] = 0.373
 Average Precision  (AP) @[ IoU=0.50      | area=   all | maxDets=100 ] = 0.614
 Average Precision  (AP) @[ IoU=0.75      | area=   all | maxDets=100 ] = 0.398
 Average Precision  (AP) @[ IoU=0.50:0.95 | area= small | maxDets=100 ] = 0.094
 Average Precision  (AP) @[ IoU=0.50:0.95 | area=medium | maxDets=100 ] = 0.408
 Average Precision  (AP) @[ IoU=0.50:0.95 | area= large | maxDets=100 ] = 0.689
 Average Recall     (AR) @[ IoU=0.50:0.95 | area=   all | maxDets=  1 ] = 0.153
 Average Recall     (AR) @[ IoU=0.50:0.95 | area=   all | maxDets= 10 ] = 0.434
 Average Recall     (AR) @[ IoU=0.50:0.95 | area=   all | maxDets=100 ] = 0.439
 Average Recall     (AR) @[ IoU=0.50:0.95 | area= small | maxDets=100 ] = 0.122
 Average Recall     (AR) @[ IoU=0.50:0.95 | area=medium | maxDets=100 ] = 0.488
 Average Recall     (AR) @[ IoU=0.50:0.95 | area= large | maxDets=100 ] = 0.771
[size=960 | aug=True | bs=16 | unfreeze=head_only] Epoch 3/100 - mAP: 0.372809 | robustness(mAR@100): 0.438725 | trainable params: 0.13M / total 41.50M | avg inference: 0.0294s/batch | eval time: 246.5s
Epoch: [3]  [  0/315]  eta: 0:12:44  lr: 0.000100  loss: 2.6096 (2.6096)  loss_ce: 0.3915 (0.3915)  loss_bbox: 0.0310 (0.0310)  loss_giou: 0.3121 (0.3121)  cardinality_error: 1.8750 (1.8750)  time: 2.4271  data: 2.0204  max mem: 1601
Epoch: [3]  [100/315]  eta: 0:01:29  lr: 0.000100  loss: 2.5987 (2.9324)  loss_ce: 0.3740 (0.3718)  loss_bbox: 0.0332 (0.0331)  loss_giou: 0.3026 (0.2967)  cardinality_error: 1.8750 (2.2308)  time: 0.3934  data: 0.0024  max mem: 1601
Epoch: [3]  [200/315]  eta: 0:00:46  lr: 0.000100  loss: 3.1523 (2.9768)  loss_ce: 0.3455 (0.3623)  loss_bbox: 0.0330 (0.0328)  loss_giou: 0.3012 (0.2953)  cardinality_error: 2.4375 (2.2864)  time: 0.4123  data: 0.0590  max mem: 1601
Epoch: [3]  [300/315]  eta: 0:00:05  lr: 0.000100  loss: 3.1495 (3.0702)  loss_ce: 0.3437 (0.3578)  loss_bbox: 0.0313 (0.0328)  loss_giou: 0.3047 (0.2974)  cardinality_error: 2.5000 (2.3821)  time: 0.3828  data: 0.0335  max mem: 1601
Epoch: [3]  [314/315]  eta: 0:00:00  lr: 0.000100  loss: 3.5132 (3.0875)  loss_ce: 0.3317 (0.3572)  loss_bbox: 0.0318 (0.0328)  loss_giou: 0.2964 (0.2975)  cardinality_error: 2.8125 (2.4000)  time: 0.3334  data: 0.0299  max mem: 1601
Epoch: [3] Total time: 0:02:04 (0.3955 s / it)
creating index...
index created!
Test:  [   0/2981]  eta: 0:19:54  model_time: 0.0534 (0.0534)  evaluator_time: 0.0058 (0.0058)  time: 0.4006  data: 0.3000  max mem: 1601
Test:  [ 100/2981]  eta: 0:02:20  model_time: 0.0333 (0.0321)  evaluator_time: 0.0042 (0.0025)  time: 0.0574  data: 0.0021  max mem: 1601
Test:  [ 200/2981]  eta: 0:02:09  model_time: 0.0302 (0.0318)  evaluator_time: 0.0024 (0.0029)  time: 0.0412  data: 0.0003  max mem: 1601
Test:  [ 300/2981]  eta: 0:01:59  model_time: 0.0289 (0.0310)  evaluator_time: 0.0024 (0.0028)  time: 0.0398  data: 0.0003  max mem: 1601
Test:  [ 400/2981]  eta: 0:01:51  model_time: 0.0281 (0.0304)  evaluator_time: 0.0024 (0.0027)  time: 0.0397  data: 0.0003  max mem: 1601
Test:  [ 500/2981]  eta: 0:01:44  model_time: 0.0284 (0.0298)  evaluator_time: 0.0016 (0.0025)  time: 0.0371  data: 0.0005  max mem: 1601
Test:  [ 600/2981]  eta: 0:01:39  model_time: 0.0283 (0.0296)  evaluator_time: 0.0024 (0.0025)  time: 0.0383  data: 0.0003  max mem: 1601
Test:  [ 700/2981]  eta: 0:01:34  model_time: 0.0292 (0.0296)  evaluator_time: 0.0028 (0.0026)  time: 0.0406  data: 0.0006  max mem: 1601
Test:  [ 800/2981]  eta: 0:01:29  model_time: 0.0289 (0.0295)  evaluator_time: 0.0022 (0.0026)  time: 0.0390  data: 0.0007  max mem: 1601
Test:  [ 900/2981]  eta: 0:01:25  model_time: 0.0280 (0.0294)  evaluator_time: 0.0030 (0.0025)  time: 0.0401  data: 0.0003  max mem: 1601
Test:  [1000/2981]  eta: 0:01:21  model_time: 0.0303 (0.0295)  evaluator_time: 0.0036 (0.0026)  time: 0.0430  data: 0.0003  max mem: 1601
Test:  [1100/2981]  eta: 0:01:17  model_time: 0.0260 (0.0294)  evaluator_time: 0.0004 (0.0025)  time: 0.0354  data: 0.0010  max mem: 1601
Test:  [1200/2981]  eta: 0:01:12  model_time: 0.0271 (0.0293)  evaluator_time: 0.0015 (0.0025)  time: 0.0393  data: 0.0018  max mem: 1601
Test:  [1300/2981]  eta: 0:01:08  model_time: 0.0271 (0.0291)  evaluator_time: 0.0021 (0.0024)  time: 0.0386  data: 0.0004  max mem: 1601
Test:  [1400/2981]  eta: 0:01:03  model_time: 0.0292 (0.0290)  evaluator_time: 0.0021 (0.0024)  time: 0.0384  data: 0.0003  max mem: 1601
Test:  [1500/2981]  eta: 0:00:59  model_time: 0.0294 (0.0290)  evaluator_time: 0.0021 (0.0024)  time: 0.0397  data: 0.0003  max mem: 1601
Test:  [1600/2981]  eta: 0:00:55  model_time: 0.0284 (0.0290)  evaluator_time: 0.0023 (0.0024)  time: 0.0383  data: 0.0003  max mem: 1601
Test:  [1700/2981]  eta: 0:00:51  model_time: 0.0285 (0.0290)  evaluator_time: 0.0022 (0.0024)  time: 0.0384  data: 0.0003  max mem: 1601
Test:  [1800/2981]  eta: 0:00:47  model_time: 0.0292 (0.0289)  evaluator_time: 0.0020 (0.0023)  time: 0.0392  data: 0.0007  max mem: 1601
Test:  [1900/2981]  eta: 0:00:43  model_time: 0.0285 (0.0289)  evaluator_time: 0.0021 (0.0023)  time: 0.0387  data: 0.0005  max mem: 1601
Test:  [2000/2981]  eta: 0:00:39  model_time: 0.0290 (0.0289)  evaluator_time: 0.0016 (0.0023)  time: 0.0399  data: 0.0009  max mem: 1601
Test:  [2100/2981]  eta: 0:00:35  model_time: 0.0289 (0.0289)  evaluator_time: 0.0028 (0.0023)  time: 0.0434  data: 0.0019  max mem: 1601
Test:  [2200/2981]  eta: 0:00:31  model_time: 0.0272 (0.0288)  evaluator_time: 0.0007 (0.0023)  time: 0.0372  data: 0.0004  max mem: 1601
Test:  [2300/2981]  eta: 0:00:27  model_time: 0.0291 (0.0289)  evaluator_time: 0.0024 (0.0023)  time: 0.0392  data: 0.0003  max mem: 1601
Test:  [2400/2981]  eta: 0:00:23  model_time: 0.0299 (0.0289)  evaluator_time: 0.0028 (0.0023)  time: 0.0402  data: 0.0003  max mem: 1601
Test:  [2500/2981]  eta: 0:00:19  model_time: 0.0290 (0.0290)  evaluator_time: 0.0066 (0.0025)  time: 0.0532  data: 0.0031  max mem: 1601
Test:  [2600/2981]  eta: 0:00:15  model_time: 0.0315 (0.0291)  evaluator_time: 0.0044 (0.0026)  time: 0.0450  data: 0.0004  max mem: 1601
Test:  [2700/2981]  eta: 0:00:11  model_time: 0.0269 (0.0290)  evaluator_time: 0.0019 (0.0026)  time: 0.0397  data: 0.0015  max mem: 1601
Test:  [2800/2981]  eta: 0:00:07  model_time: 0.0297 (0.0291)  evaluator_time: 0.0026 (0.0026)  time: 0.0413  data: 0.0008  max mem: 1601
Test:  [2900/2981]  eta: 0:00:03  model_time: 0.0295 (0.0291)  evaluator_time: 0.0027 (0.0026)  time: 0.0403  data: 0.0003  max mem: 1601
Test:  [2980/2981]  eta: 0:00:00  model_time: 0.0242 (0.0291)  evaluator_time: 0.0022 (0.0026)  time: 0.0346  data: 0.0003  max mem: 1601
Test: Total time: 0:02:01 (0.0406 s / it)
Averaged stats: model_time: 0.0242 (0.0291)  evaluator_time: 0.0022 (0.0026)
Accumulating evaluation results...
DONE (t=0.39s).
IoU metric: bbox
 Average Precision  (AP) @[ IoU=0.50:0.95 | area=   all | maxDets=100 ] = 0.400
 Average Precision  (AP) @[ IoU=0.50      | area=   all | maxDets=100 ] = 0.662
 Average Precision  (AP) @[ IoU=0.75      | area=   all | maxDets=100 ] = 0.419
 Average Precision  (AP) @[ IoU=0.50:0.95 | area= small | maxDets=100 ] = 0.100
 Average Precision  (AP) @[ IoU=0.50:0.95 | area=medium | maxDets=100 ] = 0.443
 Average Precision  (AP) @[ IoU=0.50:0.95 | area= large | maxDets=100 ] = 0.703
 Average Recall     (AR) @[ IoU=0.50:0.95 | area=   all | maxDets=  1 ] = 0.159
 Average Recall     (AR) @[ IoU=0.50:0.95 | area=   all | maxDets= 10 ] = 0.471
 Average Recall     (AR) @[ IoU=0.50:0.95 | area=   all | maxDets=100 ] = 0.479
 Average Recall     (AR) @[ IoU=0.50:0.95 | area= small | maxDets=100 ] = 0.142
 Average Recall     (AR) @[ IoU=0.50:0.95 | area=medium | maxDets=100 ] = 0.542
 Average Recall     (AR) @[ IoU=0.50:0.95 | area= large | maxDets=100 ] = 0.784
[size=960 | aug=True | bs=16 | unfreeze=head_only] Epoch 4/100 - mAP: 0.400160 | robustness(mAR@100): 0.479046 | trainable params: 0.13M / total 41.50M | avg inference: 0.0291s/batch | eval time: 245.0s
Epoch: [4]  [  0/315]  eta: 0:12:06  lr: 0.000100  loss: 2.3058 (2.3058)  loss_ce: 0.2889 (0.2889)  loss_bbox: 0.0341 (0.0341)  loss_giou: 0.2952 (0.2952)  cardinality_error: 1.6875 (1.6875)  time: 2.3065  data: 1.8110  max mem: 1601
Epoch: [4]  [100/315]  eta: 0:01:31  lr: 0.000100  loss: 3.5187 (3.5170)  loss_ce: 0.3100 (0.3344)  loss_bbox: 0.0298 (0.0325)  loss_giou: 0.2810 (0.3011)  cardinality_error: 2.8750 (2.8490)  time: 0.3898  data: 0.0015  max mem: 1601
Epoch: [4]  [200/315]  eta: 0:00:47  lr: 0.000100  loss: 3.2158 (3.4552)  loss_ce: 0.2945 (0.3205)  loss_bbox: 0.0327 (0.0327)  loss_giou: 0.2938 (0.2985)  cardinality_error: 2.6250 (2.8035)  time: 0.3965  data: 0.0005  max mem: 1601
Epoch: [4]  [300/315]  eta: 0:00:06  lr: 0.000100  loss: 2.9268 (3.3924)  loss_ce: 0.3199 (0.3147)  loss_bbox: 0.0318 (0.0325)  loss_giou: 0.2928 (0.2977)  cardinality_error: 2.3125 (2.7475)  time: 0.3992  data: 0.0522  max mem: 1601
Epoch: [4]  [314/315]  eta: 0:00:00  lr: 0.000100  loss: 3.8018 (3.4143)  loss_ce: 0.3058 (0.3142)  loss_bbox: 0.0318 (0.0325)  loss_giou: 0.2903 (0.2975)  cardinality_error: 3.1250 (2.7701)  time: 0.3535  data: 0.0436  max mem: 1601
Epoch: [4] Total time: 0:02:06 (0.4010 s / it)
creating index...
index created!
Test:  [   0/2981]  eta: 0:21:35  model_time: 0.0603 (0.0603)  evaluator_time: 0.0080 (0.0080)  time: 0.4345  data: 0.3258  max mem: 1601
Test:  [ 100/2981]  eta: 0:02:05  model_time: 0.0280 (0.0288)  evaluator_time: 0.0036 (0.0024)  time: 0.0401  data: 0.0004  max mem: 1601
Test:  [ 200/2981]  eta: 0:01:59  model_time: 0.0274 (0.0292)  evaluator_time: 0.0024 (0.0029)  time: 0.0380  data: 0.0003  max mem: 1601
Test:  [ 300/2981]  eta: 0:01:50  model_time: 0.0289 (0.0286)  evaluator_time: 0.0023 (0.0027)  time: 0.0390  data: 0.0003  max mem: 1601
Test:  [ 400/2981]  eta: 0:01:44  model_time: 0.0255 (0.0285)  evaluator_time: 0.0019 (0.0026)  time: 0.0356  data: 0.0003  max mem: 1601
Test:  [ 500/2981]  eta: 0:01:38  model_time: 0.0243 (0.0281)  evaluator_time: 0.0016 (0.0025)  time: 0.0343  data: 0.0003  max mem: 1601
Test:  [ 600/2981]  eta: 0:01:33  model_time: 0.0260 (0.0280)  evaluator_time: 0.0023 (0.0024)  time: 0.0364  data: 0.0003  max mem: 1601
Test:  [ 700/2981]  eta: 0:01:29  model_time: 0.0276 (0.0279)  evaluator_time: 0.0025 (0.0025)  time: 0.0392  data: 0.0003  max mem: 1601
Test:  [ 800/2981]  eta: 0:01:25  model_time: 0.0252 (0.0279)  evaluator_time: 0.0018 (0.0025)  time: 0.0345  data: 0.0003  max mem: 1601
Test:  [ 900/2981]  eta: 0:01:20  model_time: 0.0278 (0.0279)  evaluator_time: 0.0026 (0.0024)  time: 0.0392  data: 0.0006  max mem: 1601
Test:  [1000/2981]  eta: 0:01:17  model_time: 0.0303 (0.0281)  evaluator_time: 0.0036 (0.0025)  time: 0.0434  data: 0.0004  max mem: 1601
Test:  [1100/2981]  eta: 0:01:13  model_time: 0.0262 (0.0280)  evaluator_time: 0.0004 (0.0025)  time: 0.0341  data: 0.0004  max mem: 1601
Test:  [1200/2981]  eta: 0:01:09  model_time: 0.0239 (0.0279)  evaluator_time: 0.0016 (0.0024)  time: 0.0343  data: 0.0003  max mem: 1601
Test:  [1300/2981]  eta: 0:01:04  model_time: 0.0259 (0.0278)  evaluator_time: 0.0020 (0.0024)  time: 0.0378  data: 0.0003  max mem: 1601
Test:  [1400/2981]  eta: 0:01:00  model_time: 0.0260 (0.0277)  evaluator_time: 0.0022 (0.0023)  time: 0.0377  data: 0.0003  max mem: 1601
Test:  [1500/2981]  eta: 0:00:57  model_time: 0.0275 (0.0278)  evaluator_time: 0.0023 (0.0023)  time: 0.0401  data: 0.0008  max mem: 1601
Test:  [1600/2981]  eta: 0:00:53  model_time: 0.0286 (0.0279)  evaluator_time: 0.0022 (0.0023)  time: 0.0394  data: 0.0003  max mem: 1601
Test:  [1700/2981]  eta: 0:00:49  model_time: 0.0290 (0.0280)  evaluator_time: 0.0023 (0.0023)  time: 0.0398  data: 0.0003  max mem: 1601
Test:  [1800/2981]  eta: 0:00:45  model_time: 0.0283 (0.0280)  evaluator_time: 0.0021 (0.0023)  time: 0.0385  data: 0.0006  max mem: 1601
Test:  [1900/2981]  eta: 0:00:42  model_time: 0.0294 (0.0281)  evaluator_time: 0.0022 (0.0023)  time: 0.0432  data: 0.0023  max mem: 1601
Test:  [2000/2981]  eta: 0:00:38  model_time: 0.0306 (0.0281)  evaluator_time: 0.0018 (0.0023)  time: 0.0405  data: 0.0003  max mem: 1601
Test:  [2100/2981]  eta: 0:00:34  model_time: 0.0302 (0.0282)  evaluator_time: 0.0025 (0.0024)  time: 0.0408  data: 0.0003  max mem: 1601
Test:  [2200/2981]  eta: 0:00:30  model_time: 0.0285 (0.0282)  evaluator_time: 0.0010 (0.0023)  time: 0.0382  data: 0.0003  max mem: 1601
Test:  [2300/2981]  eta: 0:00:26  model_time: 0.0303 (0.0283)  evaluator_time: 0.0026 (0.0024)  time: 0.0418  data: 0.0004  max mem: 1601
Test:  [2400/2981]  eta: 0:00:22  model_time: 0.0260 (0.0283)  evaluator_time: 0.0023 (0.0024)  time: 0.0388  data: 0.0003  max mem: 1601
Test:  [2500/2981]  eta: 0:00:19  model_time: 0.0311 (0.0285)  evaluator_time: 0.0064 (0.0025)  time: 0.0477  data: 0.0006  max mem: 1601
Test:  [2600/2981]  eta: 0:00:15  model_time: 0.0319 (0.0286)  evaluator_time: 0.0046 (0.0027)  time: 0.0494  data: 0.0016  max mem: 1601
Test:  [2700/2981]  eta: 0:00:11  model_time: 0.0267 (0.0286)  evaluator_time: 0.0020 (0.0026)  time: 0.0378  data: 0.0003  max mem: 1601
Test:  [2800/2981]  eta: 0:00:07  model_time: 0.0288 (0.0286)  evaluator_time: 0.0023 (0.0026)  time: 0.0404  data: 0.0003  max mem: 1601
Test:  [2900/2981]  eta: 0:00:03  model_time: 0.0292 (0.0286)  evaluator_time: 0.0025 (0.0026)  time: 0.0402  data: 0.0003  max mem: 1601
Test:  [2980/2981]  eta: 0:00:00  model_time: 0.0246 (0.0286)  evaluator_time: 0.0024 (0.0026)  time: 0.0380  data: 0.0004  max mem: 1601
Test: Total time: 0:01:59 (0.0400 s / it)
Averaged stats: model_time: 0.0246 (0.0286)  evaluator_time: 0.0024 (0.0026)
Accumulating evaluation results...
DONE (t=0.42s).
IoU metric: bbox
 Average Precision  (AP) @[ IoU=0.50:0.95 | area=   all | maxDets=100 ] = 0.414
 Average Precision  (AP) @[ IoU=0.50      | area=   all | maxDets=100 ] = 0.673
 Average Precision  (AP) @[ IoU=0.75      | area=   all | maxDets=100 ] = 0.439
 Average Precision  (AP) @[ IoU=0.50:0.95 | area= small | maxDets=100 ] = 0.112
 Average Precision  (AP) @[ IoU=0.50:0.95 | area=medium | maxDets=100 ] = 0.457
 Average Precision  (AP) @[ IoU=0.50:0.95 | area= large | maxDets=100 ] = 0.713
 Average Recall     (AR) @[ IoU=0.50:0.95 | area=   all | maxDets=  1 ] = 0.166
 Average Recall     (AR) @[ IoU=0.50:0.95 | area=   all | maxDets= 10 ] = 0.487
 Average Recall     (AR) @[ IoU=0.50:0.95 | area=   all | maxDets=100 ] = 0.500
 Average Recall     (AR) @[ IoU=0.50:0.95 | area= small | maxDets=100 ] = 0.168
 Average Recall     (AR) @[ IoU=0.50:0.95 | area=medium | maxDets=100 ] = 0.563
 Average Recall     (AR) @[ IoU=0.50:0.95 | area= large | maxDets=100 ] = 0.795
[size=960 | aug=True | bs=16 | unfreeze=head_only] Epoch 5/100 - mAP: 0.414456 | robustness(mAR@100): 0.500207 | trainable params: 0.13M / total 41.50M | avg inference: 0.0286s/batch | eval time: 245.9s
Epoch: [5]  [  0/315]  eta: 0:14:03  lr: 0.000100  loss: 4.1872 (4.1872)  loss_ce: 0.2783 (0.2783)  loss_bbox: 0.0268 (0.0268)  loss_giou: 0.2571 (0.2571)  cardinality_error: 3.6250 (3.6250)  time: 2.6770  data: 2.2125  max mem: 1601
Epoch: [5]  [100/315]  eta: 0:01:29  lr: 0.000100  loss: 3.8064 (3.5861)  loss_ce: 0.2982 (0.2921)  loss_bbox: 0.0306 (0.0324)  loss_giou: 0.2895 (0.2962)  cardinality_error: 3.1875 (2.9653)  time: 0.4170  data: 0.0499  max mem: 1601
Epoch: [5]  [200/315]  eta: 0:00:46  lr: 0.000100  loss: 3.5273 (3.6154)  loss_ce: 0.2877 (0.2916)  loss_bbox: 0.0297 (0.0323)  loss_giou: 0.2968 (0.2962)  cardinality_error: 2.8750 (2.9953)  time: 0.4132  data: 0.0722  max mem: 1601
Epoch: [5]  [300/315]  eta: 0:00:06  lr: 0.000100  loss: 3.9493 (3.7020)  loss_ce: 0.2892 (0.2911)  loss_bbox: 0.0293 (0.0324)  loss_giou: 0.2888 (0.2973)  cardinality_error: 3.3750 (3.0812)  time: 0.4075  data: 0.0539  max mem: 1601
Epoch: [5]  [314/315]  eta: 0:00:00  lr: 0.000100  loss: 3.8772 (3.7183)  loss_ce: 0.2885 (0.2913)  loss_bbox: 0.0308 (0.0324)  loss_giou: 0.3008 (0.2979)  cardinality_error: 3.3750 (3.0967)  time: 0.3288  data: 0.0029  max mem: 1601
Epoch: [5] Total time: 0:02:05 (0.3984 s / it)
creating index...
index created!
Test:  [   0/2981]  eta: 0:22:21  model_time: 0.0494 (0.0494)  evaluator_time: 0.0056 (0.0056)  time: 0.4499  data: 0.3585  max mem: 1601
Test:  [ 100/2981]  eta: 0:02:22  model_time: 0.0312 (0.0316)  evaluator_time: 0.0039 (0.0027)  time: 0.0460  data: 0.0013  max mem: 1601
Test:  [ 200/2981]  eta: 0:02:04  model_time: 0.0274 (0.0300)  evaluator_time: 0.0021 (0.0029)  time: 0.0373  data: 0.0003  max mem: 1601
Test:  [ 300/2981]  eta: 0:02:00  model_time: 0.0308 (0.0315)  evaluator_time: 0.0031 (0.0028)  time: 0.0433  data: 0.0005  max mem: 1601
Test:  [ 400/2981]  eta: 0:01:53  model_time: 0.0272 (0.0311)  evaluator_time: 0.0018 (0.0028)  time: 0.0379  data: 0.0003  max mem: 1601
Test:  [ 500/2981]  eta: 0:01:45  model_time: 0.0260 (0.0303)  evaluator_time: 0.0015 (0.0026)  time: 0.0359  data: 0.0003  max mem: 1601
Test:  [ 600/2981]  eta: 0:01:40  model_time: 0.0289 (0.0301)  evaluator_time: 0.0025 (0.0025)  time: 0.0403  data: 0.0003  max mem: 1601
Test:  [ 700/2981]  eta: 0:01:35  model_time: 0.0276 (0.0301)  evaluator_time: 0.0023 (0.0026)  time: 0.0398  data: 0.0004  max mem: 1601
Test:  [ 800/2981]  eta: 0:01:30  model_time: 0.0269 (0.0298)  evaluator_time: 0.0017 (0.0025)  time: 0.0371  data: 0.0003  max mem: 1601
Test:  [ 900/2981]  eta: 0:01:25  model_time: 0.0273 (0.0296)  evaluator_time: 0.0029 (0.0025)  time: 0.0388  data: 0.0004  max mem: 1601
Test:  [1000/2981]  eta: 0:01:22  model_time: 0.0310 (0.0297)  evaluator_time: 0.0035 (0.0026)  time: 0.0490  data: 0.0026  max mem: 1601
Test:  [1100/2981]  eta: 0:01:17  model_time: 0.0246 (0.0296)  evaluator_time: 0.0004 (0.0025)  time: 0.0330  data: 0.0003  max mem: 1601
Test:  [1200/2981]  eta: 0:01:12  model_time: 0.0270 (0.0294)  evaluator_time: 0.0015 (0.0024)  time: 0.0359  data: 0.0005  max mem: 1601
Test:  [1300/2981]  eta: 0:01:08  model_time: 0.0274 (0.0292)  evaluator_time: 0.0019 (0.0024)  time: 0.0369  data: 0.0003  max mem: 1601
Test:  [1400/2981]  eta: 0:01:03  model_time: 0.0267 (0.0290)  evaluator_time: 0.0019 (0.0023)  time: 0.0349  data: 0.0002  max mem: 1601
Test:  [1500/2981]  eta: 0:00:59  model_time: 0.0286 (0.0289)  evaluator_time: 0.0023 (0.0023)  time: 0.0391  data: 0.0003  max mem: 1601
Test:  [1600/2981]  eta: 0:00:54  model_time: 0.0269 (0.0288)  evaluator_time: 0.0019 (0.0023)  time: 0.0360  data: 0.0003  max mem: 1601
Test:  [1700/2981]  eta: 0:00:50  model_time: 0.0270 (0.0288)  evaluator_time: 0.0021 (0.0023)  time: 0.0369  data: 0.0004  max mem: 1601
Test:  [1800/2981]  eta: 0:00:46  model_time: 0.0287 (0.0287)  evaluator_time: 0.0021 (0.0023)  time: 0.0390  data: 0.0003  max mem: 1601
Test:  [1900/2981]  eta: 0:00:42  model_time: 0.0288 (0.0287)  evaluator_time: 0.0017 (0.0023)  time: 0.0378  data: 0.0003  max mem: 1601
Test:  [2000/2981]  eta: 0:00:38  model_time: 0.0265 (0.0287)  evaluator_time: 0.0016 (0.0023)  time: 0.0351  data: 0.0002  max mem: 1601
Test:  [2100/2981]  eta: 0:00:34  model_time: 0.0298 (0.0287)  evaluator_time: 0.0024 (0.0023)  time: 0.0402  data: 0.0003  max mem: 1601
Test:  [2200/2981]  eta: 0:00:30  model_time: 0.0264 (0.0285)  evaluator_time: 0.0015 (0.0022)  time: 0.0343  data: 0.0003  max mem: 1601
Test:  [2300/2981]  eta: 0:00:26  model_time: 0.0281 (0.0285)  evaluator_time: 0.0023 (0.0023)  time: 0.0388  data: 0.0003  max mem: 1601
Test:  [2400/2981]  eta: 0:00:22  model_time: 0.0269 (0.0285)  evaluator_time: 0.0023 (0.0023)  time: 0.0366  data: 0.0003  max mem: 1601
Test:  [2500/2981]  eta: 0:00:18  model_time: 0.0296 (0.0286)  evaluator_time: 0.0064 (0.0024)  time: 0.0507  data: 0.0013  max mem: 1601
Test:  [2600/2981]  eta: 0:00:15  model_time: 0.0284 (0.0287)  evaluator_time: 0.0041 (0.0026)  time: 0.0412  data: 0.0003  max mem: 1601
Test:  [2700/2981]  eta: 0:00:11  model_time: 0.0265 (0.0286)  evaluator_time: 0.0018 (0.0026)  time: 0.0367  data: 0.0003  max mem: 1601
Test:  [2800/2981]  eta: 0:00:07  model_time: 0.0295 (0.0287)  evaluator_time: 0.0024 (0.0026)  time: 0.0405  data: 0.0003  max mem: 1601
Test:  [2900/2981]  eta: 0:00:03  model_time: 0.0302 (0.0287)  evaluator_time: 0.0026 (0.0026)  time: 0.0418  data: 0.0006  max mem: 1601
Test:  [2980/2981]  eta: 0:00:00  model_time: 0.0269 (0.0288)  evaluator_time: 0.0022 (0.0026)  time: 0.0363  data: 0.0003  max mem: 1601
Test: Total time: 0:01:59 (0.0399 s / it)
Averaged stats: model_time: 0.0269 (0.0288)  evaluator_time: 0.0022 (0.0026)
Accumulating evaluation results...
DONE (t=0.44s).
IoU metric: bbox
 Average Precision  (AP) @[ IoU=0.50:0.95 | area=   all | maxDets=100 ] = 0.411
 Average Precision  (AP) @[ IoU=0.50      | area=   all | maxDets=100 ] = 0.691
 Average Precision  (AP) @[ IoU=0.75      | area=   all | maxDets=100 ] = 0.419
 Average Precision  (AP) @[ IoU=0.50:0.95 | area= small | maxDets=100 ] = 0.111
 Average Precision  (AP) @[ IoU=0.50:0.95 | area=medium | maxDets=100 ] = 0.453
 Average Precision  (AP) @[ IoU=0.50:0.95 | area= large | maxDets=100 ] = 0.711
 Average Recall     (AR) @[ IoU=0.50:0.95 | area=   all | maxDets=  1 ] = 0.163
 Average Recall     (AR) @[ IoU=0.50:0.95 | area=   all | maxDets= 10 ] = 0.486
 Average Recall     (AR) @[ IoU=0.50:0.95 | area=   all | maxDets=100 ] = 0.503
 Average Recall     (AR) @[ IoU=0.50:0.95 | area= small | maxDets=100 ] = 0.177
 Average Recall     (AR) @[ IoU=0.50:0.95 | area=medium | maxDets=100 ] = 0.564
 Average Recall     (AR) @[ IoU=0.50:0.95 | area= large | maxDets=100 ] = 0.795
[size=960 | aug=True | bs=16 | unfreeze=head_only] Epoch 6/100 - mAP: 0.411408 | robustness(mAR@100): 0.503044 | trainable params: 0.13M / total 41.50M | avg inference: 0.0288s/batch | eval time: 245.5s
Epoch: [6]  [  0/315]  eta: 0:12:56  lr: 0.000100  loss: 3.6553 (3.6553)  loss_ce: 0.2716 (0.2716)  loss_bbox: 0.0273 (0.0273)  loss_giou: 0.2939 (0.2939)  cardinality_error: 3.0625 (3.0625)  time: 2.4645  data: 1.9028  max mem: 1601
Epoch: [6]  [100/315]  eta: 0:01:29  lr: 0.000100  loss: 4.2576 (3.9223)  loss_ce: 0.2878 (0.2822)  loss_bbox: 0.0323 (0.0327)  loss_giou: 0.2904 (0.3024)  cardinality_error: 3.6250 (3.3051)  time: 0.3952  data: 0.0341  max mem: 1601
Epoch: [6]  [200/315]  eta: 0:00:46  lr: 0.000100  loss: 4.1703 (3.9717)  loss_ce: 0.2545 (0.2793)  loss_bbox: 0.0292 (0.0322)  loss_giou: 0.2826 (0.2988)  cardinality_error: 3.5625 (3.3613)  time: 0.3769  data: 0.0302  max mem: 1601
Epoch: [6]  [300/315]  eta: 0:00:05  lr: 0.000100  loss: 4.2415 (3.9323)  loss_ce: 0.2725 (0.2775)  loss_bbox: 0.0310 (0.0322)  loss_giou: 0.2938 (0.2982)  cardinality_error: 3.6250 (3.3243)  time: 0.4006  data: 0.0127  max mem: 1601
Epoch: [6]  [314/315]  eta: 0:00:00  lr: 0.000100  loss: 4.1958 (3.9316)  loss_ce: 0.2527 (0.2763)  loss_bbox: 0.0310 (0.0322)  loss_giou: 0.2823 (0.2977)  cardinality_error: 3.6250 (3.3254)  time: 0.3241  data: 0.0003  max mem: 1601
Epoch: [6] Total time: 0:02:03 (0.3931 s / it)
creating index...
index created!
Test:  [   0/2981]  eta: 0:18:54  model_time: 0.0504 (0.0504)  evaluator_time: 0.0072 (0.0072)  time: 0.3807  data: 0.2925  max mem: 1601
Test:  [ 100/2981]  eta: 0:02:02  model_time: 0.0279 (0.0282)  evaluator_time: 0.0040 (0.0026)  time: 0.0437  data: 0.0004  max mem: 1601
Test:  [ 200/2981]  eta: 0:02:04  model_time: 0.0321 (0.0301)  evaluator_time: 0.0031 (0.0033)  time: 0.0461  data: 0.0005  max mem: 1601
Test:  [ 300/2981]  eta: 0:01:56  model_time: 0.0308 (0.0301)  evaluator_time: 0.0025 (0.0031)  time: 0.0402  data: 0.0003  max mem: 1601
Test:  [ 400/2981]  eta: 0:01:49  model_time: 0.0259 (0.0297)  evaluator_time: 0.0020 (0.0029)  time: 0.0380  data: 0.0003  max mem: 1601
Test:  [ 500/2981]  eta: 0:01:42  model_time: 0.0255 (0.0291)  evaluator_time: 0.0015 (0.0027)  time: 0.0356  data: 0.0003  max mem: 1601
Test:  [ 600/2981]  eta: 0:01:37  model_time: 0.0263 (0.0290)  evaluator_time: 0.0021 (0.0026)  time: 0.0383  data: 0.0004  max mem: 1601
Test:  [ 700/2981]  eta: 0:01:33  model_time: 0.0298 (0.0293)  evaluator_time: 0.0024 (0.0027)  time: 0.0408  data: 0.0006  max mem: 1601
Test:  [ 800/2981]  eta: 0:01:29  model_time: 0.0253 (0.0291)  evaluator_time: 0.0021 (0.0027)  time: 0.0381  data: 0.0003  max mem: 1601
Test:  [ 900/2981]  eta: 0:01:24  model_time: 0.0278 (0.0289)  evaluator_time: 0.0028 (0.0026)  time: 0.0408  data: 0.0009  max mem: 1601
Test:  [1000/2981]  eta: 0:01:20  model_time: 0.0303 (0.0290)  evaluator_time: 0.0032 (0.0027)  time: 0.0430  data: 0.0009  max mem: 1601
Test:  [1100/2981]  eta: 0:01:15  model_time: 0.0237 (0.0288)  evaluator_time: 0.0003 (0.0026)  time: 0.0321  data: 0.0003  max mem: 1601
Test:  [1200/2981]  eta: 0:01:10  model_time: 0.0241 (0.0286)  evaluator_time: 0.0014 (0.0025)  time: 0.0328  data: 0.0003  max mem: 1601
Test:  [1300/2981]  eta: 0:01:06  model_time: 0.0272 (0.0284)  evaluator_time: 0.0019 (0.0025)  time: 0.0373  data: 0.0003  max mem: 1601
Test:  [1400/2981]  eta: 0:01:02  model_time: 0.0309 (0.0284)  evaluator_time: 0.0021 (0.0024)  time: 0.0419  data: 0.0006  max mem: 1601
Test:  [1500/2981]  eta: 0:00:58  model_time: 0.0263 (0.0284)  evaluator_time: 0.0019 (0.0024)  time: 0.0367  data: 0.0005  max mem: 1601
Test:  [1600/2981]  eta: 0:00:54  model_time: 0.0265 (0.0283)  evaluator_time: 0.0019 (0.0024)  time: 0.0370  data: 0.0003  max mem: 1601
Test:  [1700/2981]  eta: 0:00:50  model_time: 0.0280 (0.0283)  evaluator_time: 0.0021 (0.0024)  time: 0.0390  data: 0.0003  max mem: 1601
Test:  [1800/2981]  eta: 0:00:46  model_time: 0.0261 (0.0282)  evaluator_time: 0.0018 (0.0024)  time: 0.0353  data: 0.0003  max mem: 1601
Test:  [1900/2981]  eta: 0:00:42  model_time: 0.0259 (0.0282)  evaluator_time: 0.0017 (0.0024)  time: 0.0350  data: 0.0002  max mem: 1601
Test:  [2000/2981]  eta: 0:00:38  model_time: 0.0281 (0.0281)  evaluator_time: 0.0019 (0.0023)  time: 0.0373  data: 0.0003  max mem: 1601
Test:  [2100/2981]  eta: 0:00:34  model_time: 0.0274 (0.0281)  evaluator_time: 0.0023 (0.0023)  time: 0.0391  data: 0.0010  max mem: 1601
Test:  [2200/2981]  eta: 0:00:30  model_time: 0.0245 (0.0279)  evaluator_time: 0.0014 (0.0023)  time: 0.0328  data: 0.0002  max mem: 1601
Test:  [2300/2981]  eta: 0:00:26  model_time: 0.0274 (0.0279)  evaluator_time: 0.0024 (0.0023)  time: 0.0383  data: 0.0008  max mem: 1601
Test:  [2400/2981]  eta: 0:00:22  model_time: 0.0269 (0.0279)  evaluator_time: 0.0025 (0.0023)  time: 0.0390  data: 0.0005  max mem: 1601
Test:  [2500/2981]  eta: 0:00:18  model_time: 0.0300 (0.0280)  evaluator_time: 0.0059 (0.0025)  time: 0.0462  data: 0.0008  max mem: 1601
Test:  [2600/2981]  eta: 0:00:14  model_time: 0.0285 (0.0282)  evaluator_time: 0.0050 (0.0027)  time: 0.0435  data: 0.0003  max mem: 1601
Test:  [2700/2981]  eta: 0:00:11  model_time: 0.0250 (0.0281)  evaluator_time: 0.0017 (0.0026)  time: 0.0346  data: 0.0003  max mem: 1601
Test:  [2800/2981]  eta: 0:00:07  model_time: 0.0287 (0.0281)  evaluator_time: 0.0024 (0.0026)  time: 0.0405  data: 0.0004  max mem: 1601
Test:  [2900/2981]  eta: 0:00:03  model_time: 0.0308 (0.0282)  evaluator_time: 0.0028 (0.0027)  time: 0.0430  data: 0.0005  max mem: 1601
Test:  [2980/2981]  eta: 0:00:00  model_time: 0.0291 (0.0283)  evaluator_time: 0.0024 (0.0027)  time: 0.0381  data: 0.0003  max mem: 1601
Test: Total time: 0:01:57 (0.0395 s / it)
Averaged stats: model_time: 0.0291 (0.0283)  evaluator_time: 0.0024 (0.0027)
Accumulating evaluation results...
DONE (t=0.48s).
IoU metric: bbox
 Average Precision  (AP) @[ IoU=0.50:0.95 | area=   all | maxDets=100 ] = 0.415
 Average Precision  (AP) @[ IoU=0.50      | area=   all | maxDets=100 ] = 0.698
 Average Precision  (AP) @[ IoU=0.75      | area=   all | maxDets=100 ] = 0.427
 Average Precision  (AP) @[ IoU=0.50:0.95 | area= small | maxDets=100 ] = 0.114
 Average Precision  (AP) @[ IoU=0.50:0.95 | area=medium | maxDets=100 ] = 0.457
 Average Precision  (AP) @[ IoU=0.50:0.95 | area= large | maxDets=100 ] = 0.707
 Average Recall     (AR) @[ IoU=0.50:0.95 | area=   all | maxDets=  1 ] = 0.164
 Average Recall     (AR) @[ IoU=0.50:0.95 | area=   all | maxDets= 10 ] = 0.491
 Average Recall     (AR) @[ IoU=0.50:0.95 | area=   all | maxDets=100 ] = 0.506
 Average Recall     (AR) @[ IoU=0.50:0.95 | area= small | maxDets=100 ] = 0.188
 Average Recall     (AR) @[ IoU=0.50:0.95 | area=medium | maxDets=100 ] = 0.567
 Average Recall     (AR) @[ IoU=0.50:0.95 | area= large | maxDets=100 ] = 0.786
[size=960 | aug=True | bs=16 | unfreeze=head_only] Epoch 7/100 - mAP: 0.414926 | robustness(mAR@100): 0.506243 | trainable params: 0.13M / total 41.50M | avg inference: 0.0283s/batch | eval time: 241.3s
Epoch: [7]  [  0/315]  eta: 0:12:42  lr: 0.000100  loss: 3.7576 (3.7576)  loss_ce: 0.2883 (0.2883)  loss_bbox: 0.0295 (0.0295)  loss_giou: 0.3148 (0.3148)  cardinality_error: 3.1250 (3.1250)  time: 2.4220  data: 1.9317  max mem: 1601
Epoch: [7]  [100/315]  eta: 0:01:29  lr: 0.000100  loss: 4.1378 (4.1641)  loss_ce: 0.2705 (0.2705)  loss_bbox: 0.0322 (0.0328)  loss_giou: 0.3032 (0.3019)  cardinality_error: 3.5000 (3.5588)  time: 0.3848  data: 0.0390  max mem: 1601
Epoch: [7]  [200/315]  eta: 0:00:46  lr: 0.000100  loss: 3.5294 (4.1215)  loss_ce: 0.2430 (0.2641)  loss_bbox: 0.0306 (0.0326)  loss_giou: 0.3080 (0.3006)  cardinality_error: 2.9375 (3.5243)  time: 0.3898  data: 0.0038  max mem: 1601
Epoch: [7]  [300/315]  eta: 0:00:06  lr: 0.000100  loss: 4.1004 (4.1055)  loss_ce: 0.2453 (0.2634)  loss_bbox: 0.0305 (0.0325)  loss_giou: 0.2812 (0.2991)  cardinality_error: 3.5000 (3.5104)  time: 0.4004  data: 0.0014  max mem: 1601
Epoch: [7]  [314/315]  eta: 0:00:00  lr: 0.000100  loss: 4.1191 (4.1067)  loss_ce: 0.2631 (0.2639)  loss_bbox: 0.0312 (0.0325)  loss_giou: 0.3059 (0.2992)  cardinality_error: 3.5000 (3.5111)  time: 0.3403  data: 0.0024  max mem: 1601
Epoch: [7] Total time: 0:02:05 (0.3973 s / it)
creating index...
index created!
Test:  [   0/2981]  eta: 0:20:59  model_time: 0.0661 (0.0661)  evaluator_time: 0.0063 (0.0063)  time: 0.4225  data: 0.3083  max mem: 1601
Test:  [ 100/2981]  eta: 0:02:06  model_time: 0.0289 (0.0287)  evaluator_time: 0.0035 (0.0027)  time: 0.0399  data: 0.0003  max mem: 1601
Test:  [ 200/2981]  eta: 0:01:55  model_time: 0.0299 (0.0283)  evaluator_time: 0.0025 (0.0028)  time: 0.0399  data: 0.0011  max mem: 1601
Test:  [ 300/2981]  eta: 0:01:46  model_time: 0.0264 (0.0278)  evaluator_time: 0.0021 (0.0026)  time: 0.0367  data: 0.0003  max mem: 1601
Test:  [ 400/2981]  eta: 0:01:43  model_time: 0.0259 (0.0287)  evaluator_time: 0.0019 (0.0026)  time: 0.0365  data: 0.0004  max mem: 1601
Test:  [ 500/2981]  eta: 0:01:36  model_time: 0.0237 (0.0279)  evaluator_time: 0.0015 (0.0024)  time: 0.0317  data: 0.0002  max mem: 1601
Test:  [ 600/2981]  eta: 0:01:31  model_time: 0.0261 (0.0276)  evaluator_time: 0.0022 (0.0023)  time: 0.0363  data: 0.0003  max mem: 1601
Test:  [ 700/2981]  eta: 0:01:27  model_time: 0.0256 (0.0276)  evaluator_time: 0.0022 (0.0024)  time: 0.0366  data: 0.0002  max mem: 1601
Test:  [ 800/2981]  eta: 0:01:23  model_time: 0.0264 (0.0276)  evaluator_time: 0.0017 (0.0024)  time: 0.0372  data: 0.0003  max mem: 1601
Test:  [ 900/2981]  eta: 0:01:19  model_time: 0.0266 (0.0276)  evaluator_time: 0.0026 (0.0023)  time: 0.0372  data: 0.0003  max mem: 1601
Test:  [1000/2981]  eta: 0:01:15  model_time: 0.0303 (0.0277)  evaluator_time: 0.0033 (0.0024)  time: 0.0421  data: 0.0003  max mem: 1601
Test:  [1100/2981]  eta: 0:01:11  model_time: 0.0223 (0.0275)  evaluator_time: 0.0003 (0.0023)  time: 0.0294  data: 0.0002  max mem: 1601
Test:  [1200/2981]  eta: 0:01:07  model_time: 0.0231 (0.0274)  evaluator_time: 0.0014 (0.0023)  time: 0.0316  data: 0.0002  max mem: 1601
Test:  [1300/2981]  eta: 0:01:02  model_time: 0.0256 (0.0272)  evaluator_time: 0.0019 (0.0022)  time: 0.0356  data: 0.0002  max mem: 1601
Test:  [1400/2981]  eta: 0:00:58  model_time: 0.0257 (0.0271)  evaluator_time: 0.0019 (0.0022)  time: 0.0356  data: 0.0002  max mem: 1601
Test:  [1500/2981]  eta: 0:00:55  model_time: 0.0298 (0.0272)  evaluator_time: 0.0022 (0.0022)  time: 0.0407  data: 0.0004  max mem: 1601
Test:  [1600/2981]  eta: 0:00:51  model_time: 0.0283 (0.0272)  evaluator_time: 0.0020 (0.0022)  time: 0.0383  data: 0.0003  max mem: 1601
Test:  [1700/2981]  eta: 0:00:47  model_time: 0.0292 (0.0273)  evaluator_time: 0.0023 (0.0022)  time: 0.0393  data: 0.0003  max mem: 1601
Test:  [1800/2981]  eta: 0:00:44  model_time: 0.0263 (0.0273)  evaluator_time: 0.0019 (0.0022)  time: 0.0374  data: 0.0003  max mem: 1601
Test:  [1900/2981]  eta: 0:00:40  model_time: 0.0280 (0.0274)  evaluator_time: 0.0017 (0.0022)  time: 0.0379  data: 0.0003  max mem: 1601
Test:  [2000/2981]  eta: 0:00:36  model_time: 0.0284 (0.0274)  evaluator_time: 0.0020 (0.0022)  time: 0.0410  data: 0.0009  max mem: 1601
Test:  [2100/2981]  eta: 0:00:33  model_time: 0.0277 (0.0275)  evaluator_time: 0.0025 (0.0022)  time: 0.0396  data: 0.0005  max mem: 1601
Test:  [2200/2981]  eta: 0:00:29  model_time: 0.0249 (0.0274)  evaluator_time: 0.0015 (0.0022)  time: 0.0354  data: 0.0008  max mem: 1601
Test:  [2300/2981]  eta: 0:00:25  model_time: 0.0277 (0.0274)  evaluator_time: 0.0026 (0.0022)  time: 0.0385  data: 0.0004  max mem: 1601
Test:  [2400/2981]  eta: 0:00:21  model_time: 0.0258 (0.0274)  evaluator_time: 0.0022 (0.0022)  time: 0.0359  data: 0.0002  max mem: 1601
Test:  [2500/2981]  eta: 0:00:18  model_time: 0.0281 (0.0274)  evaluator_time: 0.0065 (0.0024)  time: 0.0464  data: 0.0012  max mem: 1601
Test:  [2600/2981]  eta: 0:00:14  model_time: 0.0277 (0.0274)  evaluator_time: 0.0041 (0.0025)  time: 0.0429  data: 0.0007  max mem: 1601
Test:  [2700/2981]  eta: 0:00:10  model_time: 0.0263 (0.0274)  evaluator_time: 0.0018 (0.0025)  time: 0.0350  data: 0.0003  max mem: 1601
Test:  [2800/2981]  eta: 0:00:06  model_time: 0.0267 (0.0274)  evaluator_time: 0.0022 (0.0025)  time: 0.0382  data: 0.0005  max mem: 1601
Test:  [2900/2981]  eta: 0:00:03  model_time: 0.0292 (0.0274)  evaluator_time: 0.0029 (0.0025)  time: 0.0403  data: 0.0003  max mem: 1601
Test:  [2980/2981]  eta: 0:00:00  model_time: 0.0260 (0.0274)  evaluator_time: 0.0025 (0.0025)  time: 0.0365  data: 0.0003  max mem: 1601
Test: Total time: 0:01:53 (0.0381 s / it)
Averaged stats: model_time: 0.0260 (0.0274)  evaluator_time: 0.0025 (0.0025)
Accumulating evaluation results...
DONE (t=0.45s).
IoU metric: bbox
 Average Precision  (AP) @[ IoU=0.50:0.95 | area=   all | maxDets=100 ] = 0.420
 Average Precision  (AP) @[ IoU=0.50      | area=   all | maxDets=100 ] = 0.701
 Average Precision  (AP) @[ IoU=0.75      | area=   all | maxDets=100 ] = 0.439
 Average Precision  (AP) @[ IoU=0.50:0.95 | area= small | maxDets=100 ] = 0.119
 Average Precision  (AP) @[ IoU=0.50:0.95 | area=medium | maxDets=100 ] = 0.460
 Average Precision  (AP) @[ IoU=0.50:0.95 | area= large | maxDets=100 ] = 0.710
 Average Recall     (AR) @[ IoU=0.50:0.95 | area=   all | maxDets=  1 ] = 0.164
 Average Recall     (AR) @[ IoU=0.50:0.95 | area=   all | maxDets= 10 ] = 0.495
 Average Recall     (AR) @[ IoU=0.50:0.95 | area=   all | maxDets=100 ] = 0.512
 Average Recall     (AR) @[ IoU=0.50:0.95 | area= small | maxDets=100 ] = 0.194
 Average Recall     (AR) @[ IoU=0.50:0.95 | area=medium | maxDets=100 ] = 0.572
 Average Recall     (AR) @[ IoU=0.50:0.95 | area= large | maxDets=100 ] = 0.789
[size=960 | aug=True | bs=16 | unfreeze=head_only] Epoch 8/100 - mAP: 0.420052 | robustness(mAR@100): 0.512478 | trainable params: 0.13M / total 41.50M | avg inference: 0.0274s/batch | eval time: 235.9s
Epoch: [8]  [  0/315]  eta: 0:11:58  lr: 0.000100  loss: 3.5064 (3.5064)  loss_ce: 0.2514 (0.2514)  loss_bbox: 0.0311 (0.0311)  loss_giou: 0.2864 (0.2864)  cardinality_error: 2.9375 (2.9375)  time: 2.2813  data: 1.6854  max mem: 1601
Epoch: [8]  [100/315]  eta: 0:01:26  lr: 0.000100  loss: 4.0027 (4.2069)  loss_ce: 0.2548 (0.2583)  loss_bbox: 0.0327 (0.0326)  loss_giou: 0.2878 (0.2978)  cardinality_error: 3.4375 (3.6182)  time: 0.3848  data: 0.0689  max mem: 1601
Epoch: [8]  [200/315]  eta: 0:00:45  lr: 0.000100  loss: 4.1220 (4.1791)  loss_ce: 0.2519 (0.2574)  loss_bbox: 0.0329 (0.0326)  loss_giou: 0.3042 (0.2987)  cardinality_error: 3.5000 (3.5905)  time: 0.3561  data: 0.0059  max mem: 1601
Epoch: [8]  [300/315]  eta: 0:00:05  lr: 0.000100  loss: 4.2154 (4.2156)  loss_ce: 0.2576 (0.2569)  loss_bbox: 0.0315 (0.0325)  loss_giou: 0.3008 (0.2996)  cardinality_error: 3.6875 (3.6267)  time: 0.4045  data: 0.0629  max mem: 1601
Epoch: [8]  [314/315]  eta: 0:00:00  lr: 0.000100  loss: 4.0626 (4.2178)  loss_ce: 0.2574 (0.2564)  loss_bbox: 0.0313 (0.0325)  loss_giou: 0.3037 (0.2993)  cardinality_error: 3.4375 (3.6296)  time: 0.3461  data: 0.0232  max mem: 1601
Epoch: [8] Total time: 0:02:02 (0.3880 s / it)
creating index...
index created!
Test:  [   0/2981]  eta: 0:17:27  model_time: 0.0706 (0.0706)  evaluator_time: 0.0080 (0.0080)  time: 0.3515  data: 0.2379  max mem: 1601
Test:  [ 100/2981]  eta: 0:02:02  model_time: 0.0285 (0.0285)  evaluator_time: 0.0037 (0.0026)  time: 0.0428  data: 0.0004  max mem: 1601
Test:  [ 200/2981]  eta: 0:01:56  model_time: 0.0286 (0.0289)  evaluator_time: 0.0022 (0.0028)  time: 0.0394  data: 0.0005  max mem: 1601
Test:  [ 300/2981]  eta: 0:01:48  model_time: 0.0275 (0.0285)  evaluator_time: 0.0022 (0.0027)  time: 0.0381  data: 0.0003  max mem: 1601
Test:  [ 400/2981]  eta: 0:01:42  model_time: 0.0258 (0.0282)  evaluator_time: 0.0018 (0.0026)  time: 0.0357  data: 0.0002  max mem: 1601
Test:  [ 500/2981]  eta: 0:01:36  model_time: 0.0237 (0.0277)  evaluator_time: 0.0015 (0.0024)  time: 0.0324  data: 0.0002  max mem: 1601
Test:  [ 600/2981]  eta: 0:01:31  model_time: 0.0260 (0.0276)  evaluator_time: 0.0021 (0.0024)  time: 0.0368  data: 0.0003  max mem: 1601
Test:  [ 700/2981]  eta: 0:01:27  model_time: 0.0273 (0.0276)  evaluator_time: 0.0024 (0.0025)  time: 0.0376  data: 0.0002  max mem: 1601
Test:  [ 800/2981]  eta: 0:01:23  model_time: 0.0255 (0.0275)  evaluator_time: 0.0018 (0.0024)  time: 0.0361  data: 0.0003  max mem: 1601
Test:  [ 900/2981]  eta: 0:01:19  model_time: 0.0263 (0.0274)  evaluator_time: 0.0026 (0.0024)  time: 0.0377  data: 0.0003  max mem: 1601
Test:  [1000/2981]  eta: 0:01:16  model_time: 0.0291 (0.0276)  evaluator_time: 0.0032 (0.0025)  time: 0.0408  data: 0.0003  max mem: 1601
Test:  [1100/2981]  eta: 0:01:11  model_time: 0.0251 (0.0275)  evaluator_time: 0.0004 (0.0024)  time: 0.0338  data: 0.0004  max mem: 1601
Test:  [1200/2981]  eta: 0:01:07  model_time: 0.0239 (0.0274)  evaluator_time: 0.0015 (0.0024)  time: 0.0337  data: 0.0003  max mem: 1601
Test:  [1300/2981]  eta: 0:01:03  model_time: 0.0285 (0.0274)  evaluator_time: 0.0020 (0.0023)  time: 0.0389  data: 0.0004  max mem: 1601
Test:  [1400/2981]  eta: 0:00:59  model_time: 0.0275 (0.0275)  evaluator_time: 0.0020 (0.0023)  time: 0.0389  data: 0.0003  max mem: 1601
Test:  [1500/2981]  eta: 0:00:56  model_time: 0.0274 (0.0275)  evaluator_time: 0.0021 (0.0023)  time: 0.0396  data: 0.0003  max mem: 1601
Test:  [1600/2981]  eta: 0:00:52  model_time: 0.0280 (0.0276)  evaluator_time: 0.0020 (0.0023)  time: 0.0381  data: 0.0003  max mem: 1601
Test:  [1700/2981]  eta: 0:00:48  model_time: 0.0284 (0.0276)  evaluator_time: 0.0024 (0.0023)  time: 0.0388  data: 0.0003  max mem: 1601
Test:  [1800/2981]  eta: 0:00:45  model_time: 0.0284 (0.0276)  evaluator_time: 0.0021 (0.0023)  time: 0.0377  data: 0.0003  max mem: 1601
Test:  [1900/2981]  eta: 0:00:41  model_time: 0.0268 (0.0277)  evaluator_time: 0.0018 (0.0023)  time: 0.0382  data: 0.0004  max mem: 1601
Test:  [2000/2981]  eta: 0:00:37  model_time: 0.0282 (0.0277)  evaluator_time: 0.0020 (0.0023)  time: 0.0382  data: 0.0003  max mem: 1601
Test:  [2100/2981]  eta: 0:00:33  model_time: 0.0278 (0.0277)  evaluator_time: 0.0029 (0.0023)  time: 0.0386  data: 0.0003  max mem: 1601
Test:  [2200/2981]  eta: 0:00:29  model_time: 0.0258 (0.0275)  evaluator_time: 0.0015 (0.0023)  time: 0.0356  data: 0.0013  max mem: 1601
Test:  [2300/2981]  eta: 0:00:25  model_time: 0.0264 (0.0275)  evaluator_time: 0.0024 (0.0023)  time: 0.0390  data: 0.0007  max mem: 1601
Test:  [2400/2981]  eta: 0:00:22  model_time: 0.0274 (0.0276)  evaluator_time: 0.0024 (0.0024)  time: 0.0385  data: 0.0003  max mem: 1601
Test:  [2500/2981]  eta: 0:00:18  model_time: 0.0279 (0.0276)  evaluator_time: 0.0066 (0.0025)  time: 0.0461  data: 0.0004  max mem: 1601
Test:  [2600/2981]  eta: 0:00:14  model_time: 0.0283 (0.0277)  evaluator_time: 0.0044 (0.0026)  time: 0.0438  data: 0.0011  max mem: 1601
Test:  [2700/2981]  eta: 0:00:10  model_time: 0.0243 (0.0277)  evaluator_time: 0.0017 (0.0026)  time: 0.0359  data: 0.0003  max mem: 1601
Test:  [2800/2981]  eta: 0:00:06  model_time: 0.0299 (0.0277)  evaluator_time: 0.0025 (0.0026)  time: 0.0413  data: 0.0004  max mem: 1601
Test:  [2900/2981]  eta: 0:00:03  model_time: 0.0288 (0.0278)  evaluator_time: 0.0026 (0.0027)  time: 0.0411  data: 0.0007  max mem: 1601
Test:  [2980/2981]  eta: 0:00:00  model_time: 0.0282 (0.0278)  evaluator_time: 0.0024 (0.0027)  time: 0.0364  data: 0.0003  max mem: 1601
Test: Total time: 0:01:55 (0.0389 s / it)
Averaged stats: model_time: 0.0282 (0.0278)  evaluator_time: 0.0024 (0.0027)
Accumulating evaluation results...
DONE (t=0.45s).
IoU metric: bbox
 Average Precision  (AP) @[ IoU=0.50:0.95 | area=   all | maxDets=100 ] = 0.412
 Average Precision  (AP) @[ IoU=0.50      | area=   all | maxDets=100 ] = 0.698
 Average Precision  (AP) @[ IoU=0.75      | area=   all | maxDets=100 ] = 0.421
 Average Precision  (AP) @[ IoU=0.50:0.95 | area= small | maxDets=100 ] = 0.111
 Average Precision  (AP) @[ IoU=0.50:0.95 | area=medium | maxDets=100 ] = 0.453
 Average Precision  (AP) @[ IoU=0.50:0.95 | area= large | maxDets=100 ] = 0.703
 Average Recall     (AR) @[ IoU=0.50:0.95 | area=   all | maxDets=  1 ] = 0.161
 Average Recall     (AR) @[ IoU=0.50:0.95 | area=   all | maxDets= 10 ] = 0.490
 Average Recall     (AR) @[ IoU=0.50:0.95 | area=   all | maxDets=100 ] = 0.507
 Average Recall     (AR) @[ IoU=0.50:0.95 | area= small | maxDets=100 ] = 0.186
 Average Recall     (AR) @[ IoU=0.50:0.95 | area=medium | maxDets=100 ] = 0.568
 Average Recall     (AR) @[ IoU=0.50:0.95 | area= large | maxDets=100 ] = 0.786
[size=960 | aug=True | bs=16 | unfreeze=head_only] Epoch 9/100 - mAP: 0.412205 | robustness(mAR@100): 0.506768 | trainable params: 0.13M / total 41.50M | avg inference: 0.0278s/batch | eval time: 236.8s
Epoch: [9]  [  0/315]  eta: 0:12:23  lr: 0.000100  loss: 4.2126 (4.2126)  loss_ce: 0.2294 (0.2294)  loss_bbox: 0.0377 (0.0377)  loss_giou: 0.3204 (0.3204)  cardinality_error: 3.6250 (3.6250)  time: 2.3615  data: 1.5852  max mem: 1601
Epoch: [9]  [100/315]  eta: 0:01:30  lr: 0.000100  loss: 4.4903 (4.3164)  loss_ce: 0.2549 (0.2551)  loss_bbox: 0.0340 (0.0324)  loss_giou: 0.2996 (0.2975)  cardinality_error: 3.8125 (3.7314)  time: 0.3929  data: 0.0012  max mem: 1601
Epoch: [9]  [200/315]  eta: 0:00:46  lr: 0.000100  loss: 3.3376 (4.2474)  loss_ce: 0.2420 (0.2496)  loss_bbox: 0.0316 (0.0321)  loss_giou: 0.2997 (0.2963)  cardinality_error: 2.8125 (3.6695)  time: 0.3928  data: 0.0016  max mem: 1601
Epoch: [9]  [300/315]  eta: 0:00:05  lr: 0.000100  loss: 4.4733 (4.3122)  loss_ce: 0.2346 (0.2503)  loss_bbox: 0.0304 (0.0322)  loss_giou: 0.2770 (0.2971)  cardinality_error: 3.9375 (3.7326)  time: 0.3835  data: 0.0038  max mem: 1601
Epoch: [9]  [314/315]  eta: 0:00:00  lr: 0.000100  loss: 4.4281 (4.3234)  loss_ce: 0.2481 (0.2500)  loss_bbox: 0.0311 (0.0322)  loss_giou: 0.2939 (0.2971)  cardinality_error: 3.8125 (3.7440)  time: 0.3236  data: 0.0045  max mem: 1601
Epoch: [9] Total time: 0:02:04 (0.3957 s / it)
creating index...
index created!
Test:  [   0/2981]  eta: 0:18:51  model_time: 0.0403 (0.0403)  evaluator_time: 0.0060 (0.0060)  time: 0.3796  data: 0.2774  max mem: 1601
Test:  [ 100/2981]  eta: 0:02:07  model_time: 0.0302 (0.0294)  evaluator_time: 0.0037 (0.0025)  time: 0.0435  data: 0.0003  max mem: 1601
Test:  [ 200/2981]  eta: 0:01:54  model_time: 0.0281 (0.0284)  evaluator_time: 0.0022 (0.0027)  time: 0.0384  data: 0.0003  max mem: 1601
Test:  [ 300/2981]  eta: 0:01:47  model_time: 0.0276 (0.0283)  evaluator_time: 0.0022 (0.0026)  time: 0.0367  data: 0.0003  max mem: 1601
Test:  [ 400/2981]  eta: 0:01:41  model_time: 0.0260 (0.0280)  evaluator_time: 0.0018 (0.0025)  time: 0.0356  data: 0.0003  max mem: 1601
Test:  [ 500/2981]  eta: 0:01:37  model_time: 0.0243 (0.0283)  evaluator_time: 0.0015 (0.0023)  time: 0.0324  data: 0.0002  max mem: 1601
Test:  [ 600/2981]  eta: 0:01:33  model_time: 0.0265 (0.0282)  evaluator_time: 0.0024 (0.0023)  time: 0.0383  data: 0.0003  max mem: 1601
Test:  [ 700/2981]  eta: 0:01:29  model_time: 0.0286 (0.0284)  evaluator_time: 0.0024 (0.0024)  time: 0.0406  data: 0.0004  max mem: 1601
Test:  [ 800/2981]  eta: 0:01:25  model_time: 0.0262 (0.0282)  evaluator_time: 0.0019 (0.0024)  time: 0.0359  data: 0.0004  max mem: 1601
Test:  [ 900/2981]  eta: 0:01:20  model_time: 0.0258 (0.0280)  evaluator_time: 0.0026 (0.0024)  time: 0.0381  data: 0.0003  max mem: 1601
Test:  [1000/2981]  eta: 0:01:17  model_time: 0.0291 (0.0281)  evaluator_time: 0.0033 (0.0024)  time: 0.0419  data: 0.0003  max mem: 1601
Test:  [1100/2981]  eta: 0:01:12  model_time: 0.0239 (0.0280)  evaluator_time: 0.0003 (0.0024)  time: 0.0325  data: 0.0003  max mem: 1601
Test:  [1200/2981]  eta: 0:01:08  model_time: 0.0226 (0.0278)  evaluator_time: 0.0014 (0.0023)  time: 0.0319  data: 0.0002  max mem: 1601
Test:  [1300/2981]  eta: 0:01:03  model_time: 0.0255 (0.0275)  evaluator_time: 0.0017 (0.0023)  time: 0.0343  data: 0.0002  max mem: 1601
Test:  [1400/2981]  eta: 0:00:59  model_time: 0.0254 (0.0274)  evaluator_time: 0.0018 (0.0022)  time: 0.0348  data: 0.0002  max mem: 1601
Test:  [1500/2981]  eta: 0:00:55  model_time: 0.0252 (0.0273)  evaluator_time: 0.0018 (0.0022)  time: 0.0339  data: 0.0002  max mem: 1601
Test:  [1600/2981]  eta: 0:00:51  model_time: 0.0252 (0.0272)  evaluator_time: 0.0018 (0.0022)  time: 0.0352  data: 0.0005  max mem: 1601
Test:  [1700/2981]  eta: 0:00:47  model_time: 0.0255 (0.0272)  evaluator_time: 0.0018 (0.0022)  time: 0.0347  data: 0.0002  max mem: 1601
Test:  [1800/2981]  eta: 0:00:43  model_time: 0.0282 (0.0271)  evaluator_time: 0.0023 (0.0022)  time: 0.0384  data: 0.0003  max mem: 1601
Test:  [1900/2981]  eta: 0:00:40  model_time: 0.0260 (0.0271)  evaluator_time: 0.0016 (0.0021)  time: 0.0343  data: 0.0002  max mem: 1601
Test:  [2000/2981]  eta: 0:00:36  model_time: 0.0248 (0.0270)  evaluator_time: 0.0016 (0.0021)  time: 0.0331  data: 0.0002  max mem: 1601
Test:  [2100/2981]  eta: 0:00:32  model_time: 0.0280 (0.0270)  evaluator_time: 0.0024 (0.0021)  time: 0.0384  data: 0.0003  max mem: 1601
Test:  [2200/2981]  eta: 0:00:28  model_time: 0.0245 (0.0268)  evaluator_time: 0.0014 (0.0021)  time: 0.0324  data: 0.0002  max mem: 1601
Test:  [2300/2981]  eta: 0:00:24  model_time: 0.0257 (0.0268)  evaluator_time: 0.0022 (0.0021)  time: 0.0352  data: 0.0002  max mem: 1601
Test:  [2400/2981]  eta: 0:00:21  model_time: 0.0270 (0.0268)  evaluator_time: 0.0023 (0.0022)  time: 0.0381  data: 0.0005  max mem: 1601
Test:  [2500/2981]  eta: 0:00:17  model_time: 0.0274 (0.0268)  evaluator_time: 0.0064 (0.0023)  time: 0.0439  data: 0.0003  max mem: 1601
Test:  [2600/2981]  eta: 0:00:14  model_time: 0.0274 (0.0269)  evaluator_time: 0.0043 (0.0024)  time: 0.0398  data: 0.0003  max mem: 1601
Test:  [2700/2981]  eta: 0:00:10  model_time: 0.0246 (0.0268)  evaluator_time: 0.0014 (0.0024)  time: 0.0330  data: 0.0002  max mem: 1601
Test:  [2800/2981]  eta: 0:00:06  model_time: 0.0274 (0.0269)  evaluator_time: 0.0024 (0.0024)  time: 0.0394  data: 0.0004  max mem: 1601
Test:  [2900/2981]  eta: 0:00:03  model_time: 0.0257 (0.0268)  evaluator_time: 0.0022 (0.0024)  time: 0.0356  data: 0.0002  max mem: 1601
Test:  [2980/2981]  eta: 0:00:00  model_time: 0.0249 (0.0268)  evaluator_time: 0.0023 (0.0024)  time: 0.0352  data: 0.0005  max mem: 1601
Test: Total time: 0:01:50 (0.0371 s / it)
Averaged stats: model_time: 0.0249 (0.0268)  evaluator_time: 0.0023 (0.0024)
Accumulating evaluation results...
DONE (t=0.43s).
IoU metric: bbox
 Average Precision  (AP) @[ IoU=0.50:0.95 | area=   all | maxDets=100 ] = 0.392
 Average Precision  (AP) @[ IoU=0.50      | area=   all | maxDets=100 ] = 0.693
 Average Precision  (AP) @[ IoU=0.75      | area=   all | maxDets=100 ] = 0.389
 Average Precision  (AP) @[ IoU=0.50:0.95 | area= small | maxDets=100 ] = 0.114
 Average Precision  (AP) @[ IoU=0.50:0.95 | area=medium | maxDets=100 ] = 0.422
 Average Precision  (AP) @[ IoU=0.50:0.95 | area= large | maxDets=100 ] = 0.698
 Average Recall     (AR) @[ IoU=0.50:0.95 | area=   all | maxDets=  1 ] = 0.154
 Average Recall     (AR) @[ IoU=0.50:0.95 | area=   all | maxDets= 10 ] = 0.471
 Average Recall     (AR) @[ IoU=0.50:0.95 | area=   all | maxDets=100 ] = 0.488
 Average Recall     (AR) @[ IoU=0.50:0.95 | area= small | maxDets=100 ] = 0.195
 Average Recall     (AR) @[ IoU=0.50:0.95 | area=medium | maxDets=100 ] = 0.536
 Average Recall     (AR) @[ IoU=0.50:0.95 | area= large | maxDets=100 ] = 0.781
[size=960 | aug=True | bs=16 | unfreeze=head_only] Epoch 10/100 - mAP: 0.391672 | robustness(mAR@100): 0.487978 | trainable params: 0.13M / total 41.50M | avg inference: 0.0268s/batch | eval time: 231.2s
Epoch: [10]  [  0/315]  eta: 0:12:30  lr: 0.000100  loss: 4.4919 (4.4919)  loss_ce: 0.2569 (0.2569)  loss_bbox: 0.0391 (0.0391)  loss_giou: 0.3209 (0.3209)  cardinality_error: 3.8750 (3.8750)  time: 2.3815  data: 2.0019  max mem: 1601
Epoch: [10]  [100/315]  eta: 0:01:27  lr: 0.000100  loss: 4.0293 (4.4869)  loss_ce: 0.2460 (0.2536)  loss_bbox: 0.0316 (0.0326)  loss_giou: 0.2992 (0.3028)  cardinality_error: 3.4375 (3.8979)  time: 0.3665  data: 0.0327  max mem: 1601
Epoch: [10]  [200/315]  eta: 0:00:45  lr: 0.000100  loss: 4.1841 (4.4120)  loss_ce: 0.2324 (0.2478)  loss_bbox: 0.0297 (0.0323)  loss_giou: 0.3061 (0.3008)  cardinality_error: 3.6250 (3.8312)  time: 0.3902  data: 0.0359  max mem: 1601
Epoch: [10]  [300/315]  eta: 0:00:05  lr: 0.000100  loss: 4.1181 (4.3862)  loss_ce: 0.2377 (0.2472)  loss_bbox: 0.0303 (0.0321)  loss_giou: 0.2963 (0.2998)  cardinality_error: 3.5000 (3.8071)  time: 0.3706  data: 0.0033  max mem: 1601
Epoch: [10]  [314/315]  eta: 0:00:00  lr: 0.000100  loss: 3.7520 (4.3693)  loss_ce: 0.2494 (0.2475)  loss_bbox: 0.0308 (0.0321)  loss_giou: 0.2978 (0.2998)  cardinality_error: 3.0000 (3.7899)  time: 0.3069  data: 0.0013  max mem: 1601
Epoch: [10] Total time: 0:02:01 (0.3869 s / it)
creating index...
index created!
Test:  [   0/2981]  eta: 0:20:39  model_time: 0.0516 (0.0516)  evaluator_time: 0.0072 (0.0072)  time: 0.4157  data: 0.3140  max mem: 1601
Test:  [ 100/2981]  eta: 0:02:03  model_time: 0.0304 (0.0284)  evaluator_time: 0.0039 (0.0026)  time: 0.0440  data: 0.0003  max mem: 1601
Test:  [ 200/2981]  eta: 0:02:01  model_time: 0.0297 (0.0295)  evaluator_time: 0.0028 (0.0031)  time: 0.0435  data: 0.0013  max mem: 1601
Test:  [ 300/2981]  eta: 0:01:57  model_time: 0.0310 (0.0299)  evaluator_time: 0.0028 (0.0032)  time: 0.0443  data: 0.0007  max mem: 1601
Test:  [ 400/2981]  eta: 0:01:52  model_time: 0.0279 (0.0299)  evaluator_time: 0.0022 (0.0031)  time: 0.0393  data: 0.0004  max mem: 1601
Test:  [ 500/2981]  eta: 0:01:43  model_time: 0.0251 (0.0291)  evaluator_time: 0.0016 (0.0028)  time: 0.0339  data: 0.0003  max mem: 1601
Test:  [ 600/2981]  eta: 0:01:38  model_time: 0.0255 (0.0290)  evaluator_time: 0.0023 (0.0028)  time: 0.0372  data: 0.0003  max mem: 1601
Test:  [ 700/2981]  eta: 0:01:34  model_time: 0.0278 (0.0289)  evaluator_time: 0.0024 (0.0028)  time: 0.0384  data: 0.0003  max mem: 1601
Test:  [ 800/2981]  eta: 0:01:28  model_time: 0.0262 (0.0287)  evaluator_time: 0.0018 (0.0028)  time: 0.0357  data: 0.0003  max mem: 1601
Test:  [ 900/2981]  eta: 0:01:24  model_time: 0.0268 (0.0286)  evaluator_time: 0.0026 (0.0027)  time: 0.0388  data: 0.0003  max mem: 1601
Test:  [1000/2981]  eta: 0:01:20  model_time: 0.0296 (0.0285)  evaluator_time: 0.0036 (0.0028)  time: 0.0421  data: 0.0003  max mem: 1601
Test:  [1100/2981]  eta: 0:01:15  model_time: 0.0234 (0.0283)  evaluator_time: 0.0003 (0.0027)  time: 0.0321  data: 0.0003  max mem: 1601
Test:  [1200/2981]  eta: 0:01:10  model_time: 0.0225 (0.0281)  evaluator_time: 0.0015 (0.0026)  time: 0.0328  data: 0.0004  max mem: 1601
Test:  [1300/2981]  eta: 0:01:05  model_time: 0.0258 (0.0279)  evaluator_time: 0.0020 (0.0025)  time: 0.0364  data: 0.0002  max mem: 1601
Test:  [1400/2981]  eta: 0:01:01  model_time: 0.0266 (0.0278)  evaluator_time: 0.0020 (0.0025)  time: 0.0372  data: 0.0003  max mem: 1601
Test:  [1500/2981]  eta: 0:00:57  model_time: 0.0258 (0.0277)  evaluator_time: 0.0020 (0.0024)  time: 0.0371  data: 0.0003  max mem: 1601
Test:  [1600/2981]  eta: 0:00:53  model_time: 0.0280 (0.0277)  evaluator_time: 0.0020 (0.0025)  time: 0.0388  data: 0.0007  max mem: 1601
Test:  [1700/2981]  eta: 0:00:49  model_time: 0.0266 (0.0277)  evaluator_time: 0.0022 (0.0025)  time: 0.0380  data: 0.0003  max mem: 1601
Test:  [1800/2981]  eta: 0:00:45  model_time: 0.0258 (0.0277)  evaluator_time: 0.0020 (0.0024)  time: 0.0365  data: 0.0003  max mem: 1601
Test:  [1900/2981]  eta: 0:00:41  model_time: 0.0259 (0.0276)  evaluator_time: 0.0017 (0.0024)  time: 0.0347  data: 0.0002  max mem: 1601
Test:  [2000/2981]  eta: 0:00:37  model_time: 0.0266 (0.0276)  evaluator_time: 0.0019 (0.0024)  time: 0.0364  data: 0.0003  max mem: 1601
Test:  [2100/2981]  eta: 0:00:33  model_time: 0.0259 (0.0276)  evaluator_time: 0.0024 (0.0024)  time: 0.0371  data: 0.0003  max mem: 1601
Test:  [2200/2981]  eta: 0:00:29  model_time: 0.0241 (0.0275)  evaluator_time: 0.0015 (0.0024)  time: 0.0326  data: 0.0002  max mem: 1601
Test:  [2300/2981]  eta: 0:00:26  model_time: 0.0260 (0.0275)  evaluator_time: 0.0026 (0.0024)  time: 0.0375  data: 0.0003  max mem: 1601
Test:  [2400/2981]  eta: 0:00:22  model_time: 0.0296 (0.0275)  evaluator_time: 0.0030 (0.0025)  time: 0.0398  data: 0.0003  max mem: 1601
Test:  [2500/2981]  eta: 0:00:18  model_time: 0.0296 (0.0276)  evaluator_time: 0.0062 (0.0026)  time: 0.0461  data: 0.0008  max mem: 1601
Test:  [2600/2981]  eta: 0:00:14  model_time: 0.0269 (0.0277)  evaluator_time: 0.0056 (0.0028)  time: 0.0454  data: 0.0018  max mem: 1601
Test:  [2700/2981]  eta: 0:00:10  model_time: 0.0268 (0.0277)  evaluator_time: 0.0019 (0.0028)  time: 0.0366  data: 0.0003  max mem: 1601
Test:  [2800/2981]  eta: 0:00:07  model_time: 0.0302 (0.0277)  evaluator_time: 0.0027 (0.0028)  time: 0.0410  data: 0.0006  max mem: 1601
Test:  [2900/2981]  eta: 0:00:03  model_time: 0.0286 (0.0278)  evaluator_time: 0.0028 (0.0028)  time: 0.0401  data: 0.0003  max mem: 1601
Test:  [2980/2981]  eta: 0:00:00  model_time: 0.0261 (0.0278)  evaluator_time: 0.0023 (0.0028)  time: 0.0356  data: 0.0007  max mem: 1601
Test: Total time: 0:01:56 (0.0392 s / it)
Averaged stats: model_time: 0.0261 (0.0278)  evaluator_time: 0.0023 (0.0028)
Accumulating evaluation results...
DONE (t=0.44s).
IoU metric: bbox
 Average Precision  (AP) @[ IoU=0.50:0.95 | area=   all | maxDets=100 ] = 0.406
 Average Precision  (AP) @[ IoU=0.50      | area=   all | maxDets=100 ] = 0.706
 Average Precision  (AP) @[ IoU=0.75      | area=   all | maxDets=100 ] = 0.394
 Average Precision  (AP) @[ IoU=0.50:0.95 | area= small | maxDets=100 ] = 0.110
 Average Precision  (AP) @[ IoU=0.50:0.95 | area=medium | maxDets=100 ] = 0.442
 Average Precision  (AP) @[ IoU=0.50:0.95 | area= large | maxDets=100 ] = 0.707
 Average Recall     (AR) @[ IoU=0.50:0.95 | area=   all | maxDets=  1 ] = 0.157
 Average Recall     (AR) @[ IoU=0.50:0.95 | area=   all | maxDets= 10 ] = 0.482
 Average Recall     (AR) @[ IoU=0.50:0.95 | area=   all | maxDets=100 ] = 0.502
 Average Recall     (AR) @[ IoU=0.50:0.95 | area= small | maxDets=100 ] = 0.197
 Average Recall     (AR) @[ IoU=0.50:0.95 | area=medium | maxDets=100 ] = 0.553
 Average Recall     (AR) @[ IoU=0.50:0.95 | area= large | maxDets=100 ] = 0.789
[size=960 | aug=True | bs=16 | unfreeze=head_only] Epoch 11/100 - mAP: 0.405839 | robustness(mAR@100): 0.501756 | trainable params: 0.13M / total 41.50M | avg inference: 0.0278s/batch | eval time: 239.0s
Early stopping at epoch 11. Best mAP: 0.420052
Saved best checkpoint -> best_detr_size960_headonly_aug1_bs16_lr0.0001.pth
Run summary -> best mAP: 0.420052 | last robustness(mAR@100): 0.501756 | total train+eval time: 66.8 min | avg inference (last eval): 0.0278s/batch
