
==========================================================================================
RUN: aug=False | bs=8 | lr=0.0001 | opt=AdamW | unfreeze=head_only | epochs=5 | ES(pat=3, min_delta=0.0)
==========================================================================================
Unfreeze mode: head_only | trainable params: 150,859 / 41,519,371 (0.36%)
Epoch: [0]  [   0/1705]  eta: 2:36:08  lr: 0.000000  loss: 102.4810 (102.4810)  loss_ce: 4.4835 (4.4835)  loss_bbox: 0.2092 (0.2092)  loss_giou: 1.1634 (1.1634)  cardinality_error: 96.6250 (96.6250)  time: 5.4949  data: 3.2760  max mem: 2918
Epoch: [0]  [ 100/1705]  eta: 0:29:27  lr: 0.000010  loss: 102.7775 (102.4160)  loss_ce: 4.3991 (4.4635)  loss_bbox: 0.2313 (0.2292)  loss_giou: 0.7994 (0.8880)  cardinality_error: 97.1250 (96.8354)  time: 1.1182  data: 0.0002  max mem: 4185
Epoch: [0]  [ 200/1705]  eta: 0:26:26  lr: 0.000020  loss: 99.6068 (101.4725)  loss_ce: 4.1370 (4.3613)  loss_bbox: 0.1994 (0.2195)  loss_giou: 0.8241 (0.8793)  cardinality_error: 94.3750 (96.0124)  time: 0.9886  data: 0.0002  max mem: 4185
Epoch: [0]  [ 300/1705]  eta: 0:24:25  lr: 0.000030  loss: 66.9220 (94.7085)  loss_ce: 3.6720 (4.1932)  loss_bbox: 0.1757 (0.2116)  loss_giou: 0.6261 (0.8386)  cardinality_error: 62.2500 (89.4651)  time: 1.0886  data: 0.0002  max mem: 4185
Epoch: [0]  [ 400/1705]  eta: 0:22:45  lr: 0.000040  loss: 35.8791 (82.5907)  loss_ce: 3.0252 (3.9652)  loss_bbox: 0.1396 (0.2020)  loss_giou: 0.5896 (0.7948)  cardinality_error: 31.8750 (77.6287)  time: 1.0971  data: 0.0002  max mem: 4185
Epoch: [0]  [ 500/1705]  eta: 0:21:00  lr: 0.000050  loss: 17.0829 (71.3414)  loss_ce: 2.2594 (3.6866)  loss_bbox: 0.1329 (0.1934)  loss_giou: 0.4993 (0.7585)  cardinality_error: 14.2500 (66.7028)  time: 1.0965  data: 0.0003  max mem: 4185
Epoch: [0]  [ 600/1705]  eta: 0:19:17  lr: 0.000060  loss: 6.9580 (61.5308)  loss_ce: 1.5292 (3.3814)  loss_bbox: 0.1551 (0.1874)  loss_giou: 0.5888 (0.7307)  cardinality_error: 4.7500 (57.2313)  time: 1.0179  data: 0.0002  max mem: 4185
Epoch: [0]  [ 700/1705]  eta: 0:17:34  lr: 0.000070  loss: 3.4456 (53.5032)  loss_ce: 1.1733 (3.0890)  loss_bbox: 0.1392 (0.1808)  loss_giou: 0.5625 (0.7123)  cardinality_error: 1.7500 (49.5210)  time: 1.0342  data: 0.0003  max mem: 4185
Epoch: [0]  [ 800/1705]  eta: 0:15:51  lr: 0.000080  loss: 3.3404 (47.3671)  loss_ce: 0.8468 (2.8274)  loss_bbox: 0.1193 (0.1750)  loss_giou: 0.4617 (0.6951)  cardinality_error: 1.8750 (43.6696)  time: 1.0795  data: 0.0004  max mem: 4185
Epoch: [0]  [ 900/1705]  eta: 0:14:08  lr: 0.000090  loss: 4.3649 (42.5862)  loss_ce: 0.8147 (2.6023)  loss_bbox: 0.1338 (0.1715)  loss_giou: 0.6634 (0.6822)  cardinality_error: 2.7500 (39.1301)  time: 1.0952  data: 0.0002  max mem: 4185
Epoch: [0]  [1000/1705]  eta: 0:12:22  lr: 0.000100  loss: 4.4013 (38.7292)  loss_ce: 0.7096 (2.4113)  loss_bbox: 0.1257 (0.1676)  loss_giou: 0.6524 (0.6726)  cardinality_error: 2.6250 (35.4778)  time: 1.1267  data: 0.0002  max mem: 4185
[WARNING] Skipping corrupted sample at idx 6217: Expected y_min for bbox [  0.613672  120.          0.8645343 367.5        51.       ] to be in the range [0.0, 1.0], got 120.0.
Epoch: [0]  [1100/1705]  eta: 0:10:36  lr: 0.000100  loss: 3.0122 (35.5449)  loss_ce: 0.6026 (2.2485)  loss_bbox: 0.1326 (0.1644)  loss_giou: 0.6212 (0.6649)  cardinality_error: 1.7500 (32.4670)  time: 1.1088  data: 0.0003  max mem: 4185
Epoch: [0]  [1200/1705]  eta: 0:08:51  lr: 0.000100  loss: 3.0711 (32.8866)  loss_ce: 0.5242 (2.1073)  loss_bbox: 0.1254 (0.1616)  loss_giou: 0.5299 (0.6566)  cardinality_error: 1.8750 (29.9611)  time: 1.0430  data: 0.0002  max mem: 4185
Epoch: [0]  [1300/1705]  eta: 0:07:05  lr: 0.000100  loss: 3.1440 (30.6797)  loss_ce: 0.4623 (1.9864)  loss_bbox: 0.1210 (0.1590)  loss_giou: 0.5067 (0.6504)  cardinality_error: 2.0000 (27.8839)  time: 0.9485  data: 0.0003  max mem: 4185
[WARNING] Skipping corrupted sample at idx 12843: Expected y_min for bbox [  0.44274193  89.           0.7673387  373.25        51.        ] to be in the range [0.0, 1.0], got 89.0.
Epoch: [0]  [1400/1705]  eta: 0:05:20  lr: 0.000100  loss: 2.8662 (28.8149)  loss_ce: 0.4159 (1.8801)  loss_bbox: 0.1285 (0.1571)  loss_giou: 0.4738 (0.6454)  cardinality_error: 2.0000 (26.1323)  time: 1.0852  data: 0.0002  max mem: 4185
Epoch: [0]  [1500/1705]  eta: 0:03:35  lr: 0.000100  loss: 3.6191 (27.1997)  loss_ce: 0.4369 (1.7875)  loss_bbox: 0.1264 (0.1554)  loss_giou: 0.6144 (0.6402)  cardinality_error: 2.6250 (24.6166)  time: 1.0864  data: 0.0003  max mem: 4185
Epoch: [0]  [1600/1705]  eta: 0:01:50  lr: 0.000100  loss: 3.5340 (25.8041)  loss_ce: 0.4867 (1.7059)  loss_bbox: 0.1074 (0.1535)  loss_giou: 0.5068 (0.6356)  cardinality_error: 2.3750 (23.3091)  time: 0.9971  data: 0.0002  max mem: 4185
Epoch: [0]  [1700/1705]  eta: 0:00:05  lr: 0.000100  loss: 3.0227 (24.5862)  loss_ce: 0.4439 (1.6327)  loss_bbox: 0.1196 (0.1518)  loss_giou: 0.5249 (0.6307)  cardinality_error: 1.7500 (22.1710)  time: 0.8603  data: 0.0003  max mem: 4185
Epoch: [0]  [1704/1705]  eta: 0:00:01  lr: 0.000100  loss: 3.0227 (24.5372)  loss_ce: 0.4439 (1.6299)  loss_bbox: 0.1180 (0.1517)  loss_giou: 0.5602 (0.6305)  cardinality_error: 1.7500 (22.1251)  time: 0.7683  data: 0.0002  max mem: 4185
Epoch: [0] Total time: 0:29:43 (1.0459 s / it)
[aug=False | bs=8 | unfreeze=head_only] Epoch 1/5
Saved checkpoint -> checkpoint_epoch0.pth
Epoch: [1]  [   0/1705]  eta: 1:27:21  lr: 0.000100  loss: 2.8934 (2.8934)  loss_ce: 0.4516 (0.4516)  loss_bbox: 0.1141 (0.1141)  loss_giou: 0.5776 (0.5776)  cardinality_error: 1.7500 (1.7500)  time: 3.0742  data: 1.7031  max mem: 4185
Epoch: [1]  [ 100/1705]  eta: 0:27:06  lr: 0.000100  loss: 3.7652 (5.4408)  loss_ce: 0.4370 (0.4593)  loss_bbox: 0.1174 (0.1240)  loss_giou: 0.5068 (0.5406)  cardinality_error: 2.6250 (4.3168)  time: 1.0416  data: 0.0003  max mem: 4185
Epoch: [1]  [ 200/1705]  eta: 0:26:06  lr: 0.000100  loss: 4.5341 (5.5884)  loss_ce: 0.4130 (0.4514)  loss_bbox: 0.1070 (0.1227)  loss_giou: 0.5134 (0.5529)  cardinality_error: 3.2500 (4.4614)  time: 1.0529  data: 0.0002  max mem: 4185
Epoch: [1]  [ 300/1705]  eta: 0:24:07  lr: 0.000100  loss: 4.3473 (5.4540)  loss_ce: 0.3734 (0.4418)  loss_bbox: 0.0973 (0.1211)  loss_giou: 0.5123 (0.5410)  cardinality_error: 3.5000 (4.3501)  time: 0.9475  data: 0.0002  max mem: 4185
Epoch: [1]  [ 400/1705]  eta: 0:22:31  lr: 0.000100  loss: 5.0283 (5.5703)  loss_ce: 0.3791 (0.4398)  loss_bbox: 0.1012 (0.1189)  loss_giou: 0.4477 (0.5387)  cardinality_error: 4.1250 (4.4729)  time: 1.0823  data: 0.0002  max mem: 4185
[WARNING] Skipping corrupted sample at idx 6217: Expected y_min for bbox [  0.613672  120.          0.8645343 367.5        51.       ] to be in the range [0.0, 1.0], got 120.0.
Epoch: [1]  [ 500/1705]  eta: 0:20:44  lr: 0.000100  loss: 3.8943 (5.6465)  loss_ce: 0.3650 (0.4387)  loss_bbox: 0.1174 (0.1193)  loss_giou: 0.4362 (0.5423)  cardinality_error: 3.0000 (4.5462)  time: 1.0157  data: 0.0002  max mem: 4185
Epoch: [1]  [ 600/1705]  eta: 0:19:03  lr: 0.000100  loss: 4.2639 (5.6751)  loss_ce: 0.4052 (0.4372)  loss_bbox: 0.1142 (0.1196)  loss_giou: 0.5726 (0.5442)  cardinality_error: 3.2500 (4.5741)  time: 1.0623  data: 0.0002  max mem: 4185
[WARNING] Skipping corrupted sample at idx 12843: Expected y_min for bbox [  0.44274193  89.           0.7673387  373.25        51.        ] to be in the range [0.0, 1.0], got 89.0.
Epoch: [1]  [ 700/1705]  eta: 0:17:17  lr: 0.000100  loss: 4.8967 (5.7691)  loss_ce: 0.4025 (0.4353)  loss_bbox: 0.0917 (0.1190)  loss_giou: 0.4678 (0.5391)  cardinality_error: 3.8750 (4.6757)  time: 0.9700  data: 0.0003  max mem: 4185
Epoch: [1]  [ 800/1705]  eta: 0:15:35  lr: 0.000100  loss: 5.3083 (5.8934)  loss_ce: 0.3677 (0.4337)  loss_bbox: 0.1044 (0.1197)  loss_giou: 0.5585 (0.5445)  cardinality_error: 4.3750 (4.7955)  time: 1.0321  data: 0.0003  max mem: 4185
Epoch: [1]  [ 900/1705]  eta: 0:13:51  lr: 0.000100  loss: 5.9085 (5.9146)  loss_ce: 0.4072 (0.4323)  loss_bbox: 0.1105 (0.1200)  loss_giou: 0.6037 (0.5440)  cardinality_error: 4.2500 (4.8183)  time: 1.0772  data: 0.0002  max mem: 4185
Epoch: [1]  [1000/1705]  eta: 0:12:06  lr: 0.000100  loss: 2.6526 (5.8713)  loss_ce: 0.3515 (0.4280)  loss_bbox: 0.1052 (0.1196)  loss_giou: 0.4934 (0.5407)  cardinality_error: 1.7500 (4.7830)  time: 1.0353  data: 0.0003  max mem: 4185
Epoch: [1]  [1100/1705]  eta: 0:10:24  lr: 0.000100  loss: 3.5707 (5.8485)  loss_ce: 0.3401 (0.4247)  loss_bbox: 0.1012 (0.1190)  loss_giou: 0.4782 (0.5387)  cardinality_error: 2.3750 (4.7662)  time: 1.0589  data: 0.0002  max mem: 4185
Epoch: [1]  [1200/1705]  eta: 0:08:40  lr: 0.000100  loss: 3.6503 (5.8750)  loss_ce: 0.3262 (0.4220)  loss_bbox: 0.0958 (0.1186)  loss_giou: 0.5142 (0.5369)  cardinality_error: 2.7500 (4.7975)  time: 1.0260  data: 0.0002  max mem: 4185
Epoch: [1]  [1300/1705]  eta: 0:06:57  lr: 0.000100  loss: 6.1388 (5.9208)  loss_ce: 0.3860 (0.4204)  loss_bbox: 0.0916 (0.1182)  loss_giou: 0.4706 (0.5348)  cardinality_error: 5.2500 (4.8475)  time: 1.0371  data: 0.0003  max mem: 4185
Epoch: [1]  [1400/1705]  eta: 0:05:14  lr: 0.000100  loss: 6.5754 (5.9839)  loss_ce: 0.3873 (0.4188)  loss_bbox: 0.1084 (0.1181)  loss_giou: 0.5290 (0.5347)  cardinality_error: 5.5000 (4.9123)  time: 1.0542  data: 0.0002  max mem: 4185
Epoch: [1]  [1500/1705]  eta: 0:03:30  lr: 0.000100  loss: 4.9458 (5.9911)  loss_ce: 0.3776 (0.4166)  loss_bbox: 0.1073 (0.1178)  loss_giou: 0.4855 (0.5336)  cardinality_error: 3.8750 (4.9231)  time: 1.0722  data: 0.0002  max mem: 4185
Epoch: [1]  [1600/1705]  eta: 0:01:47  lr: 0.000100  loss: 4.6747 (6.0402)  loss_ce: 0.3774 (0.4155)  loss_bbox: 0.1115 (0.1177)  loss_giou: 0.5491 (0.5343)  cardinality_error: 3.7500 (4.9727)  time: 0.9633  data: 0.0002  max mem: 4185
Epoch: [1]  [1700/1705]  eta: 0:00:05  lr: 0.000100  loss: 5.8785 (6.0825)  loss_ce: 0.3706 (0.4136)  loss_bbox: 0.0972 (0.1173)  loss_giou: 0.5339 (0.5332)  cardinality_error: 5.0000 (5.0183)  time: 0.9197  data: 0.0002  max mem: 4185
Epoch: [1]  [1704/1705]  eta: 0:00:01  lr: 0.000100  loss: 5.8785 (6.0812)  loss_ce: 0.3706 (0.4134)  loss_bbox: 0.0972 (0.1173)  loss_giou: 0.5313 (0.5331)  cardinality_error: 5.0000 (5.0174)  time: 0.8446  data: 0.0002  max mem: 4185
Epoch: [1] Total time: 0:29:07 (1.0250 s / it)
[aug=False | bs=8 | unfreeze=head_only] Epoch 2/5
Saved checkpoint -> checkpoint_epoch1.pth
Epoch: [2]  [   0/1705]  eta: 1:38:47  lr: 0.000100  loss: 12.1091 (12.1091)  loss_ce: 0.4615 (0.4615)  loss_bbox: 0.0873 (0.0873)  loss_giou: 0.5602 (0.5602)  cardinality_error: 11.0000 (11.0000)  time: 3.4764  data: 1.3191  max mem: 4185
Epoch: [2]  [ 100/1705]  eta: 0:28:16  lr: 0.000100  loss: 6.6342 (6.9019)  loss_ce: 0.3629 (0.3939)  loss_bbox: 0.1043 (0.1083)  loss_giou: 0.4963 (0.5359)  cardinality_error: 5.5000 (5.8639)  time: 1.0548  data: 0.0002  max mem: 4185
[WARNING] Skipping corrupted sample at idx 12843: Expected y_min for bbox [  0.44274193  89.           0.7673387  373.25        51.        ] to be in the range [0.0, 1.0], got 89.0.
Epoch: [2]  [ 200/1705]  eta: 0:26:06  lr: 0.000100  loss: 5.2186 (6.9303)  loss_ce: 0.4110 (0.3938)  loss_bbox: 0.1069 (0.1107)  loss_giou: 0.4951 (0.5303)  cardinality_error: 4.1250 (5.8954)  time: 1.0794  data: 0.0006  max mem: 4185
Epoch: [2]  [ 300/1705]  eta: 0:23:54  lr: 0.000100  loss: 5.5066 (7.1136)  loss_ce: 0.3971 (0.3950)  loss_bbox: 0.1073 (0.1109)  loss_giou: 0.4930 (0.5327)  cardinality_error: 4.5000 (6.0751)  time: 0.8168  data: 0.0002  max mem: 4185
Epoch: [2]  [ 400/1705]  eta: 0:22:20  lr: 0.000100  loss: 6.6226 (7.0725)  loss_ce: 0.3831 (0.3925)  loss_bbox: 0.0979 (0.1112)  loss_giou: 0.4954 (0.5302)  cardinality_error: 5.5000 (6.0386)  time: 1.0492  data: 0.0002  max mem: 4185
Epoch: [2]  [ 500/1705]  eta: 0:20:34  lr: 0.000100  loss: 5.8184 (7.0863)  loss_ce: 0.3777 (0.3919)  loss_bbox: 0.1063 (0.1117)  loss_giou: 0.5371 (0.5254)  cardinality_error: 4.8750 (6.0573)  time: 0.9813  data: 0.0002  max mem: 4185
Epoch: [2]  [ 600/1705]  eta: 0:18:46  lr: 0.000100  loss: 5.1741 (6.8849)  loss_ce: 0.3814 (0.3888)  loss_bbox: 0.0924 (0.1118)  loss_giou: 0.5079 (0.5227)  cardinality_error: 3.7500 (5.8617)  time: 1.0462  data: 0.0002  max mem: 4185
Epoch: [2]  [ 700/1705]  eta: 0:17:00  lr: 0.000100  loss: 4.7831 (6.7399)  loss_ce: 0.3414 (0.3846)  loss_bbox: 0.1032 (0.1119)  loss_giou: 0.4689 (0.5175)  cardinality_error: 3.8750 (5.7259)  time: 0.9962  data: 0.0002  max mem: 4185
Epoch: [2]  [ 800/1705]  eta: 0:15:19  lr: 0.000100  loss: 3.4528 (6.6226)  loss_ce: 0.3309 (0.3831)  loss_bbox: 0.1167 (0.1121)  loss_giou: 0.4795 (0.5172)  cardinality_error: 2.5000 (5.6102)  time: 1.0122  data: 0.0002  max mem: 4185
Epoch: [2]  [ 900/1705]  eta: 0:13:38  lr: 0.000100  loss: 5.0797 (6.5858)  loss_ce: 0.3397 (0.3824)  loss_bbox: 0.1193 (0.1123)  loss_giou: 0.4620 (0.5216)  cardinality_error: 4.0000 (5.5695)  time: 0.9296  data: 0.0002  max mem: 4185
Epoch: [2]  [1000/1705]  eta: 0:11:58  lr: 0.000100  loss: 4.5382 (6.5616)  loss_ce: 0.3540 (0.3811)  loss_bbox: 0.1048 (0.1116)  loss_giou: 0.4590 (0.5201)  cardinality_error: 3.7500 (5.5488)  time: 1.0035  data: 0.0002  max mem: 4185
[WARNING] Skipping corrupted sample at idx 6217: Expected y_min for bbox [  0.613672  120.          0.8645343 367.5        51.       ] to be in the range [0.0, 1.0], got 120.0.
Epoch: [2]  [1100/1705]  eta: 0:10:18  lr: 0.000100  loss: 5.8421 (6.5680)  loss_ce: 0.3871 (0.3808)  loss_bbox: 0.1096 (0.1119)  loss_giou: 0.4389 (0.5181)  cardinality_error: 4.7500 (5.5572)  time: 1.1361  data: 0.0002  max mem: 4185
Epoch: [2]  [1200/1705]  eta: 0:08:38  lr: 0.000100  loss: 5.1235 (6.5787)  loss_ce: 0.3420 (0.3805)  loss_bbox: 0.1124 (0.1125)  loss_giou: 0.4679 (0.5195)  cardinality_error: 4.0000 (5.5662)  time: 1.0825  data: 0.0002  max mem: 4185
Epoch: [2]  [1300/1705]  eta: 0:06:56  lr: 0.000100  loss: 5.8516 (6.6419)  loss_ce: 0.3554 (0.3816)  loss_bbox: 0.1077 (0.1130)  loss_giou: 0.5351 (0.5220)  cardinality_error: 4.7500 (5.6253)  time: 1.0574  data: 0.0002  max mem: 4185
Epoch: [2]  [1400/1705]  eta: 0:05:14  lr: 0.000100  loss: 5.5669 (6.6986)  loss_ce: 0.3190 (0.3813)  loss_bbox: 0.0998 (0.1126)  loss_giou: 0.4708 (0.5239)  cardinality_error: 4.8750 (5.6808)  time: 1.0839  data: 0.0002  max mem: 4185
Epoch: [2]  [1500/1705]  eta: 0:03:30  lr: 0.000100  loss: 6.7377 (6.7274)  loss_ce: 0.3640 (0.3816)  loss_bbox: 0.1032 (0.1126)  loss_giou: 0.4857 (0.5238)  cardinality_error: 5.8750 (5.7094)  time: 0.9820  data: 0.0003  max mem: 4185
Epoch: [2]  [1600/1705]  eta: 0:01:48  lr: 0.000100  loss: 4.6545 (6.6385)  loss_ce: 0.3620 (0.3805)  loss_bbox: 0.1012 (0.1123)  loss_giou: 0.4484 (0.5213)  cardinality_error: 3.5000 (5.6244)  time: 1.0667  data: 0.0002  max mem: 4185
Epoch: [2]  [1700/1705]  eta: 0:00:05  lr: 0.000100  loss: 4.9721 (6.6738)  loss_ce: 0.3511 (0.3809)  loss_bbox: 0.1020 (0.1124)  loss_giou: 0.5067 (0.5225)  cardinality_error: 4.0000 (5.6581)  time: 0.9621  data: 0.0003  max mem: 4185
Epoch: [2]  [1704/1705]  eta: 0:00:01  lr: 0.000100  loss: 5.5931 (6.6737)  loss_ce: 0.3511 (0.3809)  loss_bbox: 0.1020 (0.1123)  loss_giou: 0.4899 (0.5224)  cardinality_error: 4.5000 (5.6581)  time: 0.8398  data: 0.0003  max mem: 4185
Epoch: [2] Total time: 0:29:14 (1.0290 s / it)
[aug=False | bs=8 | unfreeze=head_only] Epoch 3/5
Saved checkpoint -> checkpoint_epoch2.pth
Epoch: [3]  [   0/1705]  eta: 1:37:44  lr: 0.000100  loss: 4.3641 (4.3641)  loss_ce: 0.7209 (0.7209)  loss_bbox: 0.1351 (0.1351)  loss_giou: 0.6331 (0.6331)  cardinality_error: 2.8750 (2.8750)  time: 3.4396  data: 0.9949  max mem: 4185
Epoch: [3]  [ 100/1705]  eta: 0:28:42  lr: 0.000100  loss: 6.2977 (6.6852)  loss_ce: 0.3147 (0.3674)  loss_bbox: 0.0892 (0.1107)  loss_giou: 0.4514 (0.5140)  cardinality_error: 5.5000 (5.6931)  time: 1.0186  data: 0.0002  max mem: 4185
Epoch: [3]  [ 200/1705]  eta: 0:26:53  lr: 0.000100  loss: 5.8245 (6.9126)  loss_ce: 0.3916 (0.3841)  loss_bbox: 0.1067 (0.1124)  loss_giou: 0.5127 (0.5206)  cardinality_error: 5.0000 (5.8955)  time: 1.0538  data: 0.0002  max mem: 4185
Epoch: [3]  [ 300/1705]  eta: 0:24:57  lr: 0.000100  loss: 5.1729 (6.9740)  loss_ce: 0.3718 (0.3783)  loss_bbox: 0.0918 (0.1103)  loss_giou: 0.4604 (0.5178)  cardinality_error: 4.2500 (5.9676)  time: 1.1082  data: 0.0002  max mem: 4185
[WARNING] Skipping corrupted sample at idx 6217: Expected y_min for bbox [  0.613672  120.          0.8645343 367.5        51.       ] to be in the range [0.0, 1.0], got 120.0.
Epoch: [3]  [ 400/1705]  eta: 0:23:13  lr: 0.000100  loss: 4.6273 (7.1599)  loss_ce: 0.3608 (0.3787)  loss_bbox: 0.1074 (0.1103)  loss_giou: 0.4941 (0.5181)  cardinality_error: 3.7500 (6.1528)  time: 1.0254  data: 0.0003  max mem: 4185
Epoch: [3]  [ 500/1705]  eta: 0:21:38  lr: 0.000100  loss: 7.0598 (7.2121)  loss_ce: 0.3756 (0.3789)  loss_bbox: 0.0959 (0.1097)  loss_giou: 0.5098 (0.5173)  cardinality_error: 6.2500 (6.2061)  time: 1.0636  data: 0.0003  max mem: 4185
Epoch: [3]  [ 600/1705]  eta: 0:19:50  lr: 0.000100  loss: 6.1161 (7.1235)  loss_ce: 0.3578 (0.3757)  loss_bbox: 0.1031 (0.1103)  loss_giou: 0.5211 (0.5166)  cardinality_error: 5.2500 (6.1209)  time: 1.0552  data: 0.0003  max mem: 4185
Epoch: [3]  [ 700/1705]  eta: 0:17:55  lr: 0.000100  loss: 5.6067 (6.9413)  loss_ce: 0.3601 (0.3729)  loss_bbox: 0.1054 (0.1097)  loss_giou: 0.5237 (0.5148)  cardinality_error: 4.7500 (5.9439)  time: 1.0039  data: 0.0002  max mem: 4185
Epoch: [3]  [ 800/1705]  eta: 0:16:06  lr: 0.000100  loss: 5.4229 (6.9951)  loss_ce: 0.3607 (0.3750)  loss_bbox: 0.1101 (0.1107)  loss_giou: 0.5317 (0.5199)  cardinality_error: 3.8750 (5.9896)  time: 1.0105  data: 0.0002  max mem: 4185
Epoch: [3]  [ 900/1705]  eta: 0:14:21  lr: 0.000100  loss: 3.6078 (6.9307)  loss_ce: 0.3189 (0.3728)  loss_bbox: 0.1016 (0.1114)  loss_giou: 0.3925 (0.5196)  cardinality_error: 2.3750 (5.9269)  time: 1.1141  data: 0.0002  max mem: 4185
Epoch: [3]  [1000/1705]  eta: 0:12:32  lr: 0.000100  loss: 5.1622 (6.9475)  loss_ce: 0.3609 (0.3733)  loss_bbox: 0.1102 (0.1115)  loss_giou: 0.4991 (0.5198)  cardinality_error: 4.1250 (5.9428)  time: 1.0006  data: 0.0002  max mem: 4185
[WARNING] Skipping corrupted sample at idx 12843: Expected y_min for bbox [  0.44274193  89.           0.7673387  373.25        51.        ] to be in the range [0.0, 1.0], got 89.0.
Epoch: [3]  [1100/1705]  eta: 0:10:45  lr: 0.000100  loss: 4.5803 (6.8843)  loss_ce: 0.4249 (0.3726)  loss_bbox: 0.1308 (0.1119)  loss_giou: 0.5049 (0.5224)  cardinality_error: 3.3750 (5.8775)  time: 1.0312  data: 0.0003  max mem: 4185
Epoch: [3]  [1200/1705]  eta: 0:08:59  lr: 0.000100  loss: 3.5095 (6.8396)  loss_ce: 0.3596 (0.3710)  loss_bbox: 0.0992 (0.1119)  loss_giou: 0.4908 (0.5219)  cardinality_error: 2.7500 (5.8348)  time: 1.0164  data: 0.0002  max mem: 4185
Epoch: [3]  [1300/1705]  eta: 0:07:12  lr: 0.000100  loss: 5.9651 (6.7840)  loss_ce: 0.3467 (0.3681)  loss_bbox: 0.0969 (0.1117)  loss_giou: 0.4423 (0.5202)  cardinality_error: 5.1250 (5.7840)  time: 1.0100  data: 0.0003  max mem: 4185
Epoch: [3]  [1400/1705]  eta: 0:05:26  lr: 0.000100  loss: 5.6092 (6.7153)  loss_ce: 0.3687 (0.3673)  loss_bbox: 0.1106 (0.1115)  loss_giou: 0.4708 (0.5195)  cardinality_error: 4.3750 (5.7171)  time: 1.0498  data: 0.0002  max mem: 4185
Epoch: [3]  [1500/1705]  eta: 0:03:39  lr: 0.000100  loss: 5.6788 (6.7090)  loss_ce: 0.3136 (0.3670)  loss_bbox: 0.1013 (0.1112)  loss_giou: 0.4611 (0.5193)  cardinality_error: 5.0000 (5.7114)  time: 1.0887  data: 0.0002  max mem: 4185
Epoch: [3]  [1600/1705]  eta: 0:01:52  lr: 0.000100  loss: 5.6043 (6.6927)  loss_ce: 0.3530 (0.3670)  loss_bbox: 0.0954 (0.1109)  loss_giou: 0.4528 (0.5186)  cardinality_error: 4.7500 (5.6963)  time: 1.1459  data: 0.0004  max mem: 4185
Epoch: [3]  [1700/1705]  eta: 0:00:05  lr: 0.000100  loss: 7.5054 (6.6611)  loss_ce: 0.3579 (0.3674)  loss_bbox: 0.1046 (0.1109)  loss_giou: 0.5043 (0.5180)  cardinality_error: 6.2500 (5.6648)  time: 0.9859  data: 0.0003  max mem: 4185
Epoch: [3]  [1704/1705]  eta: 0:00:01  lr: 0.000100  loss: 7.5054 (6.6593)  loss_ce: 0.3517 (0.3673)  loss_bbox: 0.0929 (0.1108)  loss_giou: 0.5093 (0.5180)  cardinality_error: 6.2500 (5.6632)  time: 0.8694  data: 0.0002  max mem: 4185
Epoch: [3] Total time: 0:30:23 (1.0695 s / it)
[aug=False | bs=8 | unfreeze=head_only] Epoch 4/5
Saved checkpoint -> checkpoint_epoch3.pth
Epoch: [4]  [   0/1705]  eta: 1:26:51  lr: 0.000100  loss: 2.6046 (2.6046)  loss_ce: 0.3310 (0.3310)  loss_bbox: 0.0946 (0.0946)  loss_giou: 0.4290 (0.4290)  cardinality_error: 1.7500 (1.7500)  time: 3.0566  data: 0.9198  max mem: 4185
Epoch: [4]  [ 100/1705]  eta: 0:29:02  lr: 0.000100  loss: 5.9165 (6.6647)  loss_ce: 0.3778 (0.3632)  loss_bbox: 0.0933 (0.1093)  loss_giou: 0.5429 (0.5065)  cardinality_error: 4.7500 (5.6856)  time: 1.0954  data: 0.0003  max mem: 4185
Epoch: [4]  [ 200/1705]  eta: 0:26:57  lr: 0.000100  loss: 5.1698 (7.0170)  loss_ce: 0.3329 (0.3625)  loss_bbox: 0.0956 (0.1082)  loss_giou: 0.4727 (0.4990)  cardinality_error: 4.3750 (6.0473)  time: 1.0622  data: 0.0002  max mem: 4185
Epoch: [4]  [ 300/1705]  eta: 0:24:49  lr: 0.000100  loss: 6.3471 (6.7494)  loss_ce: 0.3513 (0.3619)  loss_bbox: 0.0929 (0.1099)  loss_giou: 0.5273 (0.4997)  cardinality_error: 5.1250 (5.7778)  time: 0.9953  data: 0.0002  max mem: 4185
Epoch: [4]  [ 400/1705]  eta: 0:22:50  lr: 0.000100  loss: 7.0321 (6.7361)  loss_ce: 0.3556 (0.3617)  loss_bbox: 0.0902 (0.1084)  loss_giou: 0.5194 (0.5014)  cardinality_error: 6.0000 (5.7647)  time: 1.0086  data: 0.0002  max mem: 4185
[WARNING] Skipping corrupted sample at idx 12843: Expected y_min for bbox [  0.44274193  89.           0.7673387  373.25        51.        ] to be in the range [0.0, 1.0], got 89.0.
Epoch: [4]  [ 500/1705]  eta: 0:20:55  lr: 0.000100  loss: 5.4367 (6.7094)  loss_ce: 0.3325 (0.3659)  loss_bbox: 0.1067 (0.1089)  loss_giou: 0.4999 (0.5055)  cardinality_error: 4.5000 (5.7291)  time: 1.0099  data: 0.0004  max mem: 4185
[WARNING] Skipping corrupted sample at idx 6217: Expected y_min for bbox [  0.613672  120.          0.8645343 367.5        51.       ] to be in the range [0.0, 1.0], got 120.0.
Epoch: [4]  [ 600/1705]  eta: 0:19:02  lr: 0.000100  loss: 7.6140 (6.7148)  loss_ce: 0.3714 (0.3652)  loss_bbox: 0.1032 (0.1083)  loss_giou: 0.4999 (0.5074)  cardinality_error: 6.7500 (5.7339)  time: 0.9607  data: 0.0003  max mem: 4185
Epoch: [4]  [ 700/1705]  eta: 0:17:22  lr: 0.000100  loss: 5.0108 (6.6085)  loss_ce: 0.3122 (0.3640)  loss_bbox: 0.1122 (0.1077)  loss_giou: 0.4968 (0.5064)  cardinality_error: 4.2500 (5.6305)  time: 0.9764  data: 0.0002  max mem: 4185
Epoch: [4]  [ 800/1705]  eta: 0:15:39  lr: 0.000100  loss: 3.8795 (6.4907)  loss_ce: 0.3457 (0.3610)  loss_bbox: 0.0944 (0.1078)  loss_giou: 0.4707 (0.5055)  cardinality_error: 2.8750 (5.5163)  time: 1.0199  data: 0.0002  max mem: 4185
Epoch: [4]  [ 900/1705]  eta: 0:13:52  lr: 0.000100  loss: 5.0086 (6.5983)  loss_ce: 0.3262 (0.3625)  loss_bbox: 0.1015 (0.1084)  loss_giou: 0.5733 (0.5093)  cardinality_error: 4.1250 (5.6181)  time: 1.1310  data: 0.0002  max mem: 4185
Epoch: [4]  [1000/1705]  eta: 0:12:08  lr: 0.000100  loss: 6.2760 (6.5876)  loss_ce: 0.4183 (0.3629)  loss_bbox: 0.0974 (0.1088)  loss_giou: 0.5141 (0.5096)  cardinality_error: 5.6250 (5.6062)  time: 1.0528  data: 0.0003  max mem: 4185
Epoch: [4]  [1100/1705]  eta: 0:10:25  lr: 0.000100  loss: 8.6567 (6.6945)  loss_ce: 0.3625 (0.3651)  loss_bbox: 0.0932 (0.1088)  loss_giou: 0.5886 (0.5138)  cardinality_error: 7.2500 (5.7068)  time: 1.0677  data: 0.0002  max mem: 4185
Epoch: [4]  [1200/1705]  eta: 0:08:42  lr: 0.000100  loss: 3.7057 (6.7531)  loss_ce: 0.3483 (0.3649)  loss_bbox: 0.0959 (0.1084)  loss_giou: 0.4977 (0.5141)  cardinality_error: 2.6250 (5.7657)  time: 1.0899  data: 0.0002  max mem: 4185
Epoch: [4]  [1300/1705]  eta: 0:06:58  lr: 0.000100  loss: 4.2522 (6.6830)  loss_ce: 0.3433 (0.3638)  loss_bbox: 0.0859 (0.1084)  loss_giou: 0.4904 (0.5139)  cardinality_error: 3.2500 (5.6968)  time: 1.0344  data: 0.0002  max mem: 4185
Epoch: [4]  [1400/1705]  eta: 0:05:15  lr: 0.000100  loss: 4.7765 (6.6461)  loss_ce: 0.3193 (0.3629)  loss_bbox: 0.1042 (0.1079)  loss_giou: 0.5065 (0.5134)  cardinality_error: 3.8750 (5.6619)  time: 1.0194  data: 0.0002  max mem: 4185
Epoch: [4]  [1500/1705]  eta: 0:03:31  lr: 0.000100  loss: 6.0361 (6.6936)  loss_ce: 0.3126 (0.3637)  loss_bbox: 0.0930 (0.1078)  loss_giou: 0.4276 (0.5142)  cardinality_error: 5.2500 (5.7079)  time: 0.9520  data: 0.0002  max mem: 4185
Epoch: [4]  [1600/1705]  eta: 0:01:47  lr: 0.000100  loss: 6.1427 (6.6590)  loss_ce: 0.3847 (0.3627)  loss_bbox: 0.0952 (0.1079)  loss_giou: 0.5796 (0.5131)  cardinality_error: 4.8750 (5.6752)  time: 1.0216  data: 0.0002  max mem: 4185
Epoch: [4]  [1700/1705]  eta: 0:00:05  lr: 0.000100  loss: 7.1404 (6.6806)  loss_ce: 0.3836 (0.3636)  loss_bbox: 0.1014 (0.1084)  loss_giou: 0.5135 (0.5145)  cardinality_error: 6.1250 (5.6940)  time: 0.9524  data: 0.0002  max mem: 4185
Epoch: [4]  [1704/1705]  eta: 0:00:01  lr: 0.000100  loss: 6.9848 (6.6810)  loss_ce: 0.3655 (0.3637)  loss_bbox: 0.1046 (0.1085)  loss_giou: 0.5066 (0.5143)  cardinality_error: 6.0000 (5.6946)  time: 0.8360  data: 0.0002  max mem: 4185
Epoch: [4] Total time: 0:29:09 (1.0258 s / it)
[aug=False | bs=8 | unfreeze=head_only] Epoch 5/5
Saved checkpoint -> checkpoint_epoch4.pth

==========================================================================================
RUN: aug=True | bs=8 | lr=0.0001 | opt=AdamW | unfreeze=head_only | epochs=5 | ES(pat=3, min_delta=0.0)
==========================================================================================
Unfreeze mode: head_only | trainable params: 150,859 / 41,519,371 (0.36%)
Epoch: [0]  [   0/1705]  eta: 1:37:48  lr: 0.000000  loss: 102.4810 (102.4810)  loss_ce: 4.4835 (4.4835)  loss_bbox: 0.2092 (0.2092)  loss_giou: 1.1634 (1.1634)  cardinality_error: 96.6250 (96.6250)  time: 3.4420  data: 2.2736  max mem: 4185
Epoch: [0]  [ 100/1705]  eta: 0:28:10  lr: 0.000010  loss: 102.7775 (102.4160)  loss_ce: 4.3991 (4.4635)  loss_bbox: 0.2313 (0.2292)  loss_giou: 0.7994 (0.8880)  cardinality_error: 97.1250 (96.8354)  time: 1.0815  data: 0.0003  max mem: 4185
Epoch: [0]  [ 200/1705]  eta: 0:26:15  lr: 0.000020  loss: 99.6068 (101.4725)  loss_ce: 4.1370 (4.3613)  loss_bbox: 0.1994 (0.2195)  loss_giou: 0.8241 (0.8793)  cardinality_error: 94.3750 (96.0124)  time: 0.9793  data: 0.0006  max mem: 4185
Epoch: [0]  [ 300/1705]  eta: 0:24:17  lr: 0.000030  loss: 66.9220 (94.7085)  loss_ce: 3.6720 (4.1932)  loss_bbox: 0.1757 (0.2116)  loss_giou: 0.6261 (0.8386)  cardinality_error: 62.2500 (89.4651)  time: 1.1070  data: 0.0002  max mem: 4185
Epoch: [0]  [ 400/1705]  eta: 0:22:31  lr: 0.000040  loss: 35.8791 (82.5907)  loss_ce: 3.0252 (3.9652)  loss_bbox: 0.1396 (0.2020)  loss_giou: 0.5896 (0.7948)  cardinality_error: 31.8750 (77.6287)  time: 1.0634  data: 0.0002  max mem: 4185
Epoch: [0]  [ 500/1705]  eta: 0:20:47  lr: 0.000050  loss: 17.0829 (71.3414)  loss_ce: 2.2594 (3.6866)  loss_bbox: 0.1329 (0.1934)  loss_giou: 0.4993 (0.7585)  cardinality_error: 14.2500 (66.7028)  time: 1.1191  data: 0.0003  max mem: 4185
Epoch: [0]  [ 600/1705]  eta: 0:19:03  lr: 0.000060  loss: 6.9580 (61.5308)  loss_ce: 1.5292 (3.3814)  loss_bbox: 0.1551 (0.1874)  loss_giou: 0.5888 (0.7307)  cardinality_error: 4.7500 (57.2313)  time: 1.0167  data: 0.0008  max mem: 4185
Epoch: [0]  [ 700/1705]  eta: 0:17:22  lr: 0.000070  loss: 3.4456 (53.5032)  loss_ce: 1.1733 (3.0890)  loss_bbox: 0.1392 (0.1808)  loss_giou: 0.5625 (0.7123)  cardinality_error: 1.7500 (49.5210)  time: 0.9859  data: 0.0002  max mem: 4185
Epoch: [0]  [ 800/1705]  eta: 0:15:36  lr: 0.000080  loss: 3.3404 (47.3671)  loss_ce: 0.8468 (2.8274)  loss_bbox: 0.1193 (0.1750)  loss_giou: 0.4617 (0.6951)  cardinality_error: 1.8750 (43.6696)  time: 0.9987  data: 0.0002  max mem: 4185
Epoch: [0]  [ 900/1705]  eta: 0:13:51  lr: 0.000090  loss: 4.3649 (42.5862)  loss_ce: 0.8147 (2.6023)  loss_bbox: 0.1338 (0.1715)  loss_giou: 0.6634 (0.6822)  cardinality_error: 2.7500 (39.1301)  time: 1.0307  data: 0.0002  max mem: 4185
Epoch: [0]  [1000/1705]  eta: 0:12:04  lr: 0.000100  loss: 4.4013 (38.7292)  loss_ce: 0.7096 (2.4113)  loss_bbox: 0.1257 (0.1676)  loss_giou: 0.6524 (0.6726)  cardinality_error: 2.6250 (35.4778)  time: 1.0853  data: 0.0002  max mem: 4185
[WARNING] Skipping corrupted sample at idx 6217: Expected y_min for bbox [  0.613672  120.          0.8645343 367.5        51.       ] to be in the range [0.0, 1.0], got 120.0.
Epoch: [0]  [1100/1705]  eta: 0:10:20  lr: 0.000100  loss: 3.0122 (35.5449)  loss_ce: 0.6026 (2.2485)  loss_bbox: 0.1326 (0.1644)  loss_giou: 0.6212 (0.6649)  cardinality_error: 1.7500 (32.4670)  time: 1.0717  data: 0.0002  max mem: 4185
Epoch: [0]  [1200/1705]  eta: 0:08:36  lr: 0.000100  loss: 3.0711 (32.8866)  loss_ce: 0.5242 (2.1073)  loss_bbox: 0.1254 (0.1616)  loss_giou: 0.5299 (0.6566)  cardinality_error: 1.8750 (29.9611)  time: 1.0000  data: 0.0013  max mem: 4185
Epoch: [0]  [1300/1705]  eta: 0:06:52  lr: 0.000100  loss: 3.1440 (30.6797)  loss_ce: 0.4623 (1.9864)  loss_bbox: 0.1210 (0.1590)  loss_giou: 0.5067 (0.6504)  cardinality_error: 2.0000 (27.8839)  time: 0.9220  data: 0.0002  max mem: 4185
[WARNING] Skipping corrupted sample at idx 12843: Expected y_min for bbox [  0.44274193  89.           0.7673387  373.25        51.        ] to be in the range [0.0, 1.0], got 89.0.
Epoch: [0]  [1400/1705]  eta: 0:05:10  lr: 0.000100  loss: 2.8662 (28.8149)  loss_ce: 0.4159 (1.8801)  loss_bbox: 0.1285 (0.1571)  loss_giou: 0.4738 (0.6454)  cardinality_error: 2.0000 (26.1323)  time: 1.0356  data: 0.0002  max mem: 4185
Epoch: [0]  [1500/1705]  eta: 0:03:29  lr: 0.000100  loss: 3.6191 (27.1997)  loss_ce: 0.4369 (1.7875)  loss_bbox: 0.1264 (0.1554)  loss_giou: 0.6144 (0.6402)  cardinality_error: 2.6250 (24.6166)  time: 1.0603  data: 0.0002  max mem: 4185
Epoch: [0]  [1600/1705]  eta: 0:01:46  lr: 0.000100  loss: 3.5340 (25.8041)  loss_ce: 0.4867 (1.7059)  loss_bbox: 0.1074 (0.1535)  loss_giou: 0.5068 (0.6356)  cardinality_error: 2.3750 (23.3091)  time: 0.9855  data: 0.0002  max mem: 4185
Epoch: [0]  [1700/1705]  eta: 0:00:05  lr: 0.000100  loss: 3.0227 (24.5862)  loss_ce: 0.4439 (1.6327)  loss_bbox: 0.1196 (0.1518)  loss_giou: 0.5249 (0.6307)  cardinality_error: 1.7500 (22.1710)  time: 0.8600  data: 0.0003  max mem: 4185
Epoch: [0]  [1704/1705]  eta: 0:00:01  lr: 0.000100  loss: 3.0227 (24.5372)  loss_ce: 0.4439 (1.6299)  loss_bbox: 0.1180 (0.1517)  loss_giou: 0.5602 (0.6305)  cardinality_error: 1.7500 (22.1251)  time: 0.7663  data: 0.0002  max mem: 4185
Epoch: [0] Total time: 0:28:51 (1.0153 s / it)
[aug=True | bs=8 | unfreeze=head_only] Epoch 1/5
Saved checkpoint -> checkpoint_epoch0.pth
Epoch: [1]  [   0/1705]  eta: 1:33:14  lr: 0.000100  loss: 2.8934 (2.8934)  loss_ce: 0.4516 (0.4516)  loss_bbox: 0.1141 (0.1141)  loss_giou: 0.5776 (0.5776)  cardinality_error: 1.7500 (1.7500)  time: 3.2812  data: 1.6928  max mem: 4185
Epoch: [1]  [ 100/1705]  eta: 0:27:00  lr: 0.000100  loss: 3.7652 (5.4408)  loss_ce: 0.4370 (0.4593)  loss_bbox: 0.1174 (0.1240)  loss_giou: 0.5068 (0.5406)  cardinality_error: 2.6250 (4.3168)  time: 1.0129  data: 0.0002  max mem: 4185
Epoch: [1]  [ 200/1705]  eta: 0:25:21  lr: 0.000100  loss: 4.5341 (5.5884)  loss_ce: 0.4130 (0.4514)  loss_bbox: 0.1070 (0.1227)  loss_giou: 0.5134 (0.5529)  cardinality_error: 3.2500 (4.4614)  time: 1.0288  data: 0.0002  max mem: 4185
Epoch: [1]  [ 300/1705]  eta: 0:23:30  lr: 0.000100  loss: 4.3473 (5.4540)  loss_ce: 0.3734 (0.4418)  loss_bbox: 0.0973 (0.1211)  loss_giou: 0.5123 (0.5410)  cardinality_error: 3.5000 (4.3501)  time: 0.9458  data: 0.0002  max mem: 4185
Epoch: [1]  [ 400/1705]  eta: 0:21:49  lr: 0.000100  loss: 5.0283 (5.5703)  loss_ce: 0.3791 (0.4398)  loss_bbox: 0.1012 (0.1189)  loss_giou: 0.4477 (0.5387)  cardinality_error: 4.1250 (4.4729)  time: 1.0113  data: 0.0002  max mem: 4185
[WARNING] Skipping corrupted sample at idx 6217: Expected y_min for bbox [  0.613672  120.          0.8645343 367.5        51.       ] to be in the range [0.0, 1.0], got 120.0.
Epoch: [1]  [ 500/1705]  eta: 0:20:05  lr: 0.000100  loss: 3.8943 (5.6465)  loss_ce: 0.3650 (0.4387)  loss_bbox: 0.1174 (0.1193)  loss_giou: 0.4362 (0.5423)  cardinality_error: 3.0000 (4.5462)  time: 0.9813  data: 0.0002  max mem: 4185
Epoch: [1]  [ 600/1705]  eta: 0:18:24  lr: 0.000100  loss: 4.2639 (5.6751)  loss_ce: 0.4052 (0.4372)  loss_bbox: 0.1142 (0.1196)  loss_giou: 0.5726 (0.5442)  cardinality_error: 3.2500 (4.5741)  time: 1.0231  data: 0.0002  max mem: 4185
[WARNING] Skipping corrupted sample at idx 12843: Expected y_min for bbox [  0.44274193  89.           0.7673387  373.25        51.        ] to be in the range [0.0, 1.0], got 89.0.
Epoch: [1]  [ 700/1705]  eta: 0:16:39  lr: 0.000100  loss: 4.8967 (5.7691)  loss_ce: 0.4025 (0.4353)  loss_bbox: 0.0917 (0.1190)  loss_giou: 0.4678 (0.5391)  cardinality_error: 3.8750 (4.6757)  time: 0.9090  data: 0.0003  max mem: 4185
Epoch: [1]  [ 800/1705]  eta: 0:14:58  lr: 0.000100  loss: 5.3083 (5.8934)  loss_ce: 0.3677 (0.4337)  loss_bbox: 0.1044 (0.1197)  loss_giou: 0.5585 (0.5445)  cardinality_error: 4.3750 (4.7955)  time: 0.9662  data: 0.0002  max mem: 4185
Epoch: [1]  [ 900/1705]  eta: 0:13:16  lr: 0.000100  loss: 5.9085 (5.9146)  loss_ce: 0.4072 (0.4323)  loss_bbox: 0.1105 (0.1200)  loss_giou: 0.6037 (0.5440)  cardinality_error: 4.2500 (4.8183)  time: 1.0002  data: 0.0002  max mem: 4185
Epoch: [1]  [1000/1705]  eta: 0:11:40  lr: 0.000100  loss: 2.6526 (5.8713)  loss_ce: 0.3515 (0.4280)  loss_bbox: 0.1052 (0.1196)  loss_giou: 0.4934 (0.5407)  cardinality_error: 1.7500 (4.7830)  time: 1.0300  data: 0.0003  max mem: 4185
